<?xml version="1.0" encoding="UTF-8"?>
<!-- Generated by org.testng.reporters.JUnitXMLReporter -->
<testsuite ignored="0" hostname="Atharva" failures="0" tests="9" name="Manipal Capstone Test Cases" time="74.691" errors="0" timestamp="2024-03-07T21:04:11 IST">
  <testcase classname="com.xyz.qa.testcases.HomepageNavigationTest" name="Homepagefun" time="2.452"/>
  <testcase classname="com.xyz.qa.testcases.CustomerLoginInfoTest" name="testCustomerLoginFlow" time="3.079"/>
  <testcase classname="com.xyz.qa.testcases.DepositWithdrawalTest" name="testCustomerLoginFlow" time="6.691"/>
  <testcase classname="com.xyz.qa.testcases.TransactionFlowTest" name="testCustomerLoginFlow" time="7.419"/>
  <testcase classname="com.xyz.qa.testcases.ExistingcustTest" name="existing1" time="3.468"/>
  <testcase classname="com.xyz.qa.testcases.AddCustomerTest" name="addcust1" time="3.697"/>
  <testcase classname="com.xyz.qa.testcases.AddCustomerTest" name="addcustomerinvalid" time="2.058"/>
  <testcase classname="com.xyz.qa.testcases.OpenAccountTest" name="openaccount1" time="5.777"/>
  <testcase classname="com.xyz.qa.testcases.CustomerCompleteInfoTest" name="customercompleteinfo1" time="5.642"/>
</testsuite> <!-- Manipal Capstone Test Cases -->
