<?xml version="1.0" encoding="UTF-8"?>
<!-- Generated by org.testng.reporters.JUnitXMLReporter -->
<testsuite ignored="0" hostname="Atharva" failures="0" tests="9" name="Test1" time="78.198" errors="0" timestamp="2024-03-08T13:52:35 IST">
  <testcase classname="com.xyz.qa.testcases.HomepageNavigationTest" name="Homepagefun" time="2.059"/>
  <testcase classname="com.xyz.qa.testcases.CustomerCompleteInfoTest" name="customercompleteinfo1" time="5.605"/>
  <testcase classname="com.xyz.qa.testcases.ExistingcustTest" name="existing1" time="3.744"/>
  <testcase classname="com.xyz.qa.testcases.OpenAccountTest" name="openaccount1" time="4.926"/>
  <testcase classname="com.xyz.qa.testcases.CustomerLoginInfoTest" name="testCustomerLoginFlow" time="2.823"/>
  <testcase classname="com.xyz.qa.testcases.DepositWithdrawalTest" name="testCustomerLoginFlow" time="8.308"/>
  <testcase classname="com.xyz.qa.testcases.TransactionFlowTest" name="testCustomerLoginFlow" time="7.435"/>
  <testcase classname="com.xyz.qa.testcases.AddCustomerTest" name="addcust1" time="4.627"/>
  <testcase classname="com.xyz.qa.testcases.AddCustomerTest" name="addcustomerinvalid" time="2.542"/>
</testsuite> <!-- Test1 -->
