<?xml version="1.0" encoding="UTF-8"?>
<!-- Generated by org.testng.reporters.JUnitXMLReporter -->
<testsuite ignored="0" hostname="Atharva" failures="7" tests="9" name="test3" time="106.272" errors="0" timestamp="2024-03-08T09:57:26 IST">
  <testcase classname="com.xyz.qa.testcases.HomepageNavigationTest" name="Homepagefun" time="4.28">
    <failure type="java.lang.StackOverflowError">
      <![CDATA[java.lang.StackOverflowError
at java.base/java.lang.System$2.encodeASCII(System.java:2414)
at java.base/sun.nio.cs.UTF_8$Encoder.encodeArrayLoop(UTF_8.java:456)
at java.base/sun.nio.cs.UTF_8$Encoder.encodeLoop(UTF_8.java:564)
at java.base/java.nio.charset.CharsetEncoder.encode(CharsetEncoder.java:585)
at java.base/sun.nio.cs.StreamEncoder.implWrite(StreamEncoder.java:293)
at java.base/sun.nio.cs.StreamEncoder.implWrite(StreamEncoder.java:282)
at java.base/sun.nio.cs.StreamEncoder.write(StreamEncoder.java:132)
at java.base/java.io.OutputStreamWriter.write(OutputStreamWriter.java:205)
at java.base/java.io.BufferedWriter.flushBuffer(BufferedWriter.java:120)
at java.base/java.io.PrintStream.writeln(PrintStream.java:722)
at java.base/java.io.PrintStream.println(PrintStream.java:1028)
at com.xyz.qa.util.WebEventListener.onException(WebEventListener.java:66)
at org.openqa.selenium.support.events.EventFiringWebDriver.lambda$new$0(EventFiringWebDriver.java:85)
at jdk.proxy2/jdk.proxy2.$Proxy8.onException(Unknown Source)
at org.openqa.selenium.support.events.EventFiringWebDriver.lambda$new$1(EventFiringWebDriver.java:109)
at jdk.proxy2/jdk.proxy2.$Proxy9.getScreenshotAs(Unknown Source)
at org.openqa.selenium.support.events.EventFiringWebDriver.getScreenshotAs(EventFiringWebDriver.java:301)
at com.xyz.qa.util.TestUtil.takeScreenshotAtEndOfTest(TestUtil.java:63)
at com.xyz.qa.util.WebEventListener.onException(WebEventListener.java:68)
at org.openqa.selenium.support.events.EventFiringWebDriver.lambda$new$0(EventFiringWebDriver.java:85)
at jdk.proxy2/jdk.proxy2.$Proxy8.onException(Unknown Source)
at org.openqa.selenium.support.events.EventFiringWebDriver.lambda$new$1(EventFiringWebDriver.java:109)
at jdk.proxy2/jdk.proxy2.$Proxy9.getScreenshotAs(Unknown Source)
at org.openqa.selenium.support.events.EventFiringWebDriver.getScreenshotAs(EventFiringWebDriver.java:301)
at com.xyz.qa.util.TestUtil.takeScreenshotAtEndOfTest(TestUtil.java:63)
at com.xyz.qa.util.WebEventListener.onException(WebEventListener.java:68)
at org.openqa.selenium.support.events.EventFiringWebDriver.lambda$new$0(EventFiringWebDriver.java:85)
at jdk.proxy2/jdk.proxy2.$Proxy8.onException(Unknown Source)
at org.openqa.selenium.support.events.EventFiringWebDriver.lambda$new$1(EventFiringWebDriver.java:109)
at jdk.proxy2/jdk.proxy2.$Proxy9.getScreenshotAs(Unknown Source)
at org.openqa.selenium.support.events.EventFiringWebDriver.getScreenshotAs(EventFiringWebDriver.java:301)
at com.xyz.qa.util.TestUtil.takeScreenshotAtEndOfTest(TestUtil.java:63)
at com.xyz.qa.util.WebEventListener.onException(WebEventListener.java:68)
at org.openqa.selenium.support.events.EventFiringWebDriver.lambda$new$0(EventFiringWebDriver.java:85)
at jdk.proxy2/jdk.proxy2.$Proxy8.onException(Unknown Source)
at org.openqa.selenium.support.events.EventFiringWebDriver.lambda$new$1(EventFiringWebDriver.java:109)
at jdk.proxy2/jdk.proxy2.$Proxy9.getScreenshotAs(Unknown Source)
at org.openqa.selenium.support.events.EventFiringWebDriver.getScreenshotAs(EventFiringWebDriver.java:301)
at com.xyz.qa.util.TestUtil.takeScreenshotAtEndOfTest(TestUtil.java:63)
at com.xyz.qa.util.WebEventListener.onException(WebEventListener.java:68)
at org.openqa.selenium.support.events.EventFiringWebDriver.lambda$new$0(EventFiringWebDriver.java:85)
at jdk.proxy2/jdk.proxy2.$Proxy8.onException(Unknown Source)
at org.openqa.selenium.support.events.EventFiringWebDriver.lambda$new$1(EventFiringWebDriver.java:109)
at jdk.proxy2/jdk.proxy2.$Proxy9.getScreenshotAs(Unknown Source)
at org.openqa.selenium.support.events.EventFiringWebDriver.getScreenshotAs(EventFiringWebDriver.java:301)
at com.xyz.qa.util.TestUtil.takeScreenshotAtEndOfTest(TestUtil.java:63)
at com.xyz.qa.util.WebEventListener.onException(WebEventListener.java:68)
at org.openqa.selenium.support.events.EventFiringWebDriver.lambda$new$0(EventFiringWebDriver.java:85)
at jdk.proxy2/jdk.proxy2.$Proxy8.onException(Unknown Source)
at org.openqa.selenium.support.events.EventFiringWebDriver.lambda$new$1(EventFiringWebDriver.java:109)
at jdk.proxy2/jdk.proxy2.$Proxy9.getScreenshotAs(Unknown Source)
at org.openqa.selenium.support.events.EventFiringWebDriver.getScreenshotAs(EventFiringWebDriver.java:301)
at com.xyz.qa.util.TestUtil.takeScreenshotAtEndOfTest(TestUtil.java:63)
at com.xyz.qa.util.WebEventListener.onException(WebEventListener.java:68)
at org.openqa.selenium.support.events.EventFiringWebDriver.lambda$new$0(EventFiringWebDriver.java:85)
at jdk.proxy2/jdk.proxy2.$Proxy8.onException(Unknown Source)
at org.openqa.selenium.support.events.EventFiringWebDriver.lambda$new$1(EventFiringWebDriver.java:109)
at jdk.proxy2/jdk.proxy2.$Proxy9.getScreenshotAs(Unknown Source)
at org.openqa.selenium.support.events.EventFiringWebDriver.getScreenshotAs(EventFiringWebDriver.java:301)
at com.xyz.qa.util.TestUtil.takeScreenshotAtEndOfTest(TestUtil.java:63)
at com.xyz.qa.util.WebEventListener.onException(WebEventListener.java:68)
at org.openqa.selenium.support.events.EventFiringWebDriver.lambda$new$0(EventFiringWebDriver.java:85)
at jdk.proxy2/jdk.proxy2.$Proxy8.onException(Unknown Source)
at org.openqa.selenium.support.events.EventFiringWebDriver.lambda$new$1(EventFiringWebDriver.java:109)
at jdk.proxy2/jdk.proxy2.$Proxy9.getScreenshotAs(Unknown Source)
at org.openqa.selenium.support.events.EventFiringWebDriver.getScreenshotAs(EventFiringWebDriver.java:301)
at com.xyz.qa.util.TestUtil.takeScreenshotAtEndOfTest(TestUtil.java:63)
at com.xyz.qa.util.WebEventListener.onException(WebEventListener.java:68)
at org.openqa.selenium.support.events.EventFiringWebDriver.lambda$new$0(EventFiringWebDriver.java:85)
at jdk.proxy2/jdk.proxy2.$Proxy8.onException(Unknown Source)
at org.openqa.selenium.support.events.EventFiringWebDriver.lambda$new$1(EventFiringWebDriver.java:109)
at jdk.proxy2/jdk.proxy2.$Proxy9.getScreenshotAs(Unknown Source)
at org.openqa.selenium.support.events.EventFiringWebDriver.getScreenshotAs(EventFiringWebDriver.java:301)
at com.xyz.qa.util.TestUtil.takeScreenshotAtEndOfTest(TestUtil.java:63)
at com.xyz.qa.util.WebEventListener.onException(WebEventListener.java:68)
at org.openqa.selenium.support.events.EventFiringWebDriver.lambda$new$0(EventFiringWebDriver.java:85)
at jdk.proxy2/jdk.proxy2.$Proxy8.onException(Unknown Source)
at org.openqa.selenium.support.events.EventFiringWebDriver.lambda$new$1(EventFiringWebDriver.java:109)
at jdk.proxy2/jdk.proxy2.$Proxy9.getScreenshotAs(Unknown Source)
at org.openqa.selenium.support.events.EventFiringWebDriver.getScreenshotAs(EventFiringWebDriver.java:301)
at com.xyz.qa.util.TestUtil.takeScreenshotAtEndOfTest(TestUtil.java:63)
at com.xyz.qa.util.WebEventListener.onException(WebEventListener.java:68)
at org.openqa.selenium.support.events.EventFiringWebDriver.lambda$new$0(EventFiringWebDriver.java:85)
at jdk.proxy2/jdk.proxy2.$Proxy8.onException(Unknown Source)
at org.openqa.selenium.support.events.EventFiringWebDriver.lambda$new$1(EventFiringWebDriver.java:109)
at jdk.proxy2/jdk.proxy2.$Proxy9.getScreenshotAs(Unknown Source)
at org.openqa.selenium.support.events.EventFiringWebDriver.getScreenshotAs(EventFiringWebDriver.java:301)
at com.xyz.qa.util.TestUtil.takeScreenshotAtEndOfTest(TestUtil.java:63)
at com.xyz.qa.util.WebEventListener.onException(WebEventListener.java:68)
at org.openqa.selenium.support.events.EventFiringWebDriver.lambda$new$0(EventFiringWebDriver.java:85)
at jdk.proxy2/jdk.proxy2.$Proxy8.onException(Unknown Source)
at org.openqa.selenium.support.events.EventFiringWebDriver.lambda$new$1(EventFiringWebDriver.java:109)
at jdk.proxy2/jdk.proxy2.$Proxy9.getScreenshotAs(Unknown Source)
at org.openqa.selenium.support.events.EventFiringWebDriver.getScreenshotAs(EventFiringWebDriver.java:301)
at com.xyz.qa.util.TestUtil.takeScreenshotAtEndOfTest(TestUtil.java:63)
at com.xyz.qa.util.WebEventListener.onException(WebEventListener.java:68)
at org.openqa.selenium.support.events.EventFiringWebDriver.lambda$new$0(EventFiringWebDriver.java:85)
at jdk.proxy2/jdk.proxy2.$Proxy8.onException(Unknown Source)
at org.openqa.selenium.support.events.EventFiringWebDriver.lambda$new$1(EventFiringWebDriver.java:109)
at jdk.proxy2/jdk.proxy2.$Proxy9.getScreenshotAs(Unknown Source)
at org.openqa.selenium.support.events.EventFiringWebDriver.getScreenshotAs(EventFiringWebDriver.java:301)
at com.xyz.qa.util.TestUtil.takeScreenshotAtEndOfTest(TestUtil.java:63)
at com.xyz.qa.util.WebEventListener.onException(WebEventListener.java:68)
at org.openqa.selenium.support.events.EventFiringWebDriver.lambda$new$0(EventFiringWebDriver.java:85)
at jdk.proxy2/jdk.proxy2.$Proxy8.onException(Unknown Source)
at org.openqa.selenium.support.events.EventFiringWebDriver.lambda$new$1(EventFiringWebDriver.java:109)
at jdk.proxy2/jdk.proxy2.$Proxy9.getScreenshotAs(Unknown Source)
at org.openqa.selenium.support.events.EventFiringWebDriver.getScreenshotAs(EventFiringWebDriver.java:301)
at com.xyz.qa.util.TestUtil.takeScreenshotAtEndOfTest(TestUtil.java:63)
at com.xyz.qa.util.WebEventListener.onException(WebEventListener.java:68)
at org.openqa.selenium.support.events.EventFiringWebDriver.lambda$new$0(EventFiringWebDriver.java:85)
at jdk.proxy2/jdk.proxy2.$Proxy8.onException(Unknown Source)
at org.openqa.selenium.support.events.EventFiringWebDriver.lambda$new$1(EventFiringWebDriver.java:109)
at jdk.proxy2/jdk.proxy2.$Proxy9.getScreenshotAs(Unknown Source)
at org.openqa.selenium.support.events.EventFiringWebDriver.getScreenshotAs(EventFiringWebDriver.java:301)
at com.xyz.qa.util.TestUtil.takeScreenshotAtEndOfTest(TestUtil.java:63)
at com.xyz.qa.util.WebEventListener.onException(WebEventListener.java:68)
at org.openqa.selenium.support.events.EventFiringWebDriver.lambda$new$0(EventFiringWebDriver.java:85)
at jdk.proxy2/jdk.proxy2.$Proxy8.onException(Unknown Source)
at org.openqa.selenium.support.events.EventFiringWebDriver.lambda$new$1(EventFiringWebDriver.java:109)
at jdk.proxy2/jdk.proxy2.$Proxy9.getScreenshotAs(Unknown Source)
at org.openqa.selenium.support.events.EventFiringWebDriver.getScreenshotAs(EventFiringWebDriver.java:301)
at com.xyz.qa.util.TestUtil.takeScreenshotAtEndOfTest(TestUtil.java:63)
at com.xyz.qa.util.WebEventListener.onException(WebEventListener.java:68)
at org.openqa.selenium.support.events.EventFiringWebDriver.lambda$new$0(EventFiringWebDriver.java:85)
at jdk.proxy2/jdk.proxy2.$Proxy8.onException(Unknown Source)
at org.openqa.selenium.support.events.EventFiringWebDriver.lambda$new$1(EventFiringWebDriver.java:109)
at jdk.proxy2/jdk.proxy2.$Proxy9.getScreenshotAs(Unknown Source)
at org.openqa.selenium.support.events.EventFiringWebDriver.getScreenshotAs(EventFiringWebDriver.java:301)
at com.xyz.qa.util.TestUtil.takeScreenshotAtEndOfTest(TestUtil.java:63)
at com.xyz.qa.util.WebEventListener.onException(WebEventListener.java:68)
at org.openqa.selenium.support.events.EventFiringWebDriver.lambda$new$0(EventFiringWebDriver.java:85)
at jdk.proxy2/jdk.proxy2.$Proxy8.onException(Unknown Source)
at org.openqa.selenium.support.events.EventFiringWebDriver.lambda$new$1(EventFiringWebDriver.java:109)
at jdk.proxy2/jdk.proxy2.$Proxy9.getScreenshotAs(Unknown Source)
at org.openqa.selenium.support.events.EventFiringWebDriver.getScreenshotAs(EventFiringWebDriver.java:301)
at com.xyz.qa.util.TestUtil.takeScreenshotAtEndOfTest(TestUtil.java:63)
at com.xyz.qa.util.WebEventListener.onException(WebEventListener.java:68)
at org.openqa.selenium.support.events.EventFiringWebDriver.lambda$new$0(EventFiringWebDriver.java:85)
at jdk.proxy2/jdk.proxy2.$Proxy8.onException(Unknown Source)
at org.openqa.selenium.support.events.EventFiringWebDriver.lambda$new$1(EventFiringWebDriver.java:109)
at jdk.proxy2/jdk.proxy2.$Proxy9.getScreenshotAs(Unknown Source)
at org.openqa.selenium.support.events.EventFiringWebDriver.getScreenshotAs(EventFiringWebDriver.java:301)
at com.xyz.qa.util.TestUtil.takeScreenshotAtEndOfTest(TestUtil.java:63)
at com.xyz.qa.util.WebEventListener.onException(WebEventListener.java:68)
at org.openqa.selenium.support.events.EventFiringWebDriver.lambda$new$0(EventFiringWebDriver.java:85)
at jdk.proxy2/jdk.proxy2.$Proxy8.onException(Unknown Source)
at org.openqa.selenium.support.events.EventFiringWebDriver.lambda$new$1(EventFiringWebDriver.java:109)
at jdk.proxy2/jdk.proxy2.$Proxy9.getScreenshotAs(Unknown Source)
at org.openqa.selenium.support.events.EventFiringWebDriver.getScreenshotAs(EventFiringWebDriver.java:301)
at com.xyz.qa.util.TestUtil.takeScreenshotAtEndOfTest(TestUtil.java:63)
at com.xyz.qa.util.WebEventListener.onException(WebEventListener.java:68)
at org.openqa.selenium.support.events.EventFiringWebDriver.lambda$new$0(EventFiringWebDriver.java:85)
at jdk.proxy2/jdk.proxy2.$Proxy8.onException(Unknown Source)
at org.openqa.selenium.support.events.EventFiringWebDriver.lambda$new$1(EventFiringWebDriver.java:109)
at jdk.proxy2/jdk.proxy2.$Proxy9.getScreenshotAs(Unknown Source)
at org.openqa.selenium.support.events.EventFiringWebDriver.getScreenshotAs(EventFiringWebDriver.java:301)
at com.xyz.qa.util.TestUtil.takeScreenshotAtEndOfTest(TestUtil.java:63)
at com.xyz.qa.util.WebEventListener.onException(WebEventListener.java:68)
at org.openqa.selenium.support.events.EventFiringWebDriver.lambda$new$0(EventFiringWebDriver.java:85)
at jdk.proxy2/jdk.proxy2.$Proxy8.onException(Unknown Source)
at org.openqa.selenium.support.events.EventFiringWebDriver.lambda$new$1(EventFiringWebDriver.java:109)
at jdk.proxy2/jdk.proxy2.$Proxy9.getScreenshotAs(Unknown Source)
at org.openqa.selenium.support.events.EventFiringWebDriver.getScreenshotAs(EventFiringWebDriver.java:301)
at com.xyz.qa.util.TestUtil.takeScreenshotAtEndOfTest(TestUtil.java:63)
at com.xyz.qa.util.WebEventListener.onException(WebEventListener.java:68)
at org.openqa.selenium.support.events.EventFiringWebDriver.lambda$new$0(EventFiringWebDriver.java:85)
at jdk.proxy2/jdk.proxy2.$Proxy8.onException(Unknown Source)
at org.openqa.selenium.support.events.EventFiringWebDriver.lambda$new$1(EventFiringWebDriver.java:109)
at jdk.proxy2/jdk.proxy2.$Proxy9.getScreenshotAs(Unknown Source)
at org.openqa.selenium.support.events.EventFiringWebDriver.getScreenshotAs(EventFiringWebDriver.java:301)
at com.xyz.qa.util.TestUtil.takeScreenshotAtEndOfTest(TestUtil.java:63)
at com.xyz.qa.util.WebEventListener.onException(WebEventListener.java:68)
at org.openqa.selenium.support.events.EventFiringWebDriver.lambda$new$0(EventFiringWebDriver.java:85)
at jdk.proxy2/jdk.proxy2.$Proxy8.onException(Unknown Source)
at org.openqa.selenium.support.events.EventFiringWebDriver.lambda$new$1(EventFiringWebDriver.java:109)
at jdk.proxy2/jdk.proxy2.$Proxy9.getScreenshotAs(Unknown Source)
at org.openqa.selenium.support.events.EventFiringWebDriver.getScreenshotAs(EventFiringWebDriver.java:301)
at com.xyz.qa.util.TestUtil.takeScreenshotAtEndOfTest(TestUtil.java:63)
at com.xyz.qa.util.WebEventListener.onException(WebEventListener.java:68)
at org.openqa.selenium.support.events.EventFiringWebDriver.lambda$new$0(EventFiringWebDriver.java:85)
at jdk.proxy2/jdk.proxy2.$Proxy8.onException(Unknown Source)
at org.openqa.selenium.support.events.EventFiringWebDriver.lambda$new$1(EventFiringWebDriver.java:109)
at jdk.proxy2/jdk.proxy2.$Proxy9.getScreenshotAs(Unknown Source)
at org.openqa.selenium.support.events.EventFiringWebDriver.getScreenshotAs(EventFiringWebDriver.java:301)
at com.xyz.qa.util.TestUtil.takeScreenshotAtEndOfTest(TestUtil.java:63)
at com.xyz.qa.util.WebEventListener.onException(WebEventListener.java:68)
at org.openqa.selenium.support.events.EventFiringWebDriver.lambda$new$0(EventFiringWebDriver.java:85)
at jdk.proxy2/jdk.proxy2.$Proxy8.onException(Unknown Source)
at org.openqa.selenium.support.events.EventFiringWebDriver.lambda$new$1(EventFiringWebDriver.java:109)
at jdk.proxy2/jdk.proxy2.$Proxy9.getScreenshotAs(Unknown Source)
at org.openqa.selenium.support.events.EventFiringWebDriver.getScreenshotAs(EventFiringWebDriver.java:301)
at com.xyz.qa.util.TestUtil.takeScreenshotAtEndOfTest(TestUtil.java:63)
at com.xyz.qa.util.WebEventListener.onException(WebEventListener.java:68)
at org.openqa.selenium.support.events.EventFiringWebDriver.lambda$new$0(EventFiringWebDriver.java:85)
at jdk.proxy2/jdk.proxy2.$Proxy8.onException(Unknown Source)
at org.openqa.selenium.support.events.EventFiringWebDriver.lambda$new$1(EventFiringWebDriver.java:109)
at jdk.proxy2/jdk.proxy2.$Proxy9.getScreenshotAs(Unknown Source)
at org.openqa.selenium.support.events.EventFiringWebDriver.getScreenshotAs(EventFiringWebDriver.java:301)
at com.xyz.qa.util.TestUtil.takeScreenshotAtEndOfTest(TestUtil.java:63)
at com.xyz.qa.util.WebEventListener.onException(WebEventListener.java:68)
at org.openqa.selenium.support.events.EventFiringWebDriver.lambda$new$0(EventFiringWebDriver.java:85)
at jdk.proxy2/jdk.proxy2.$Proxy8.onException(Unknown Source)
at org.openqa.selenium.support.events.EventFiringWebDriver.lambda$new$1(EventFiringWebDriver.java:109)
at jdk.proxy2/jdk.proxy2.$Proxy9.getScreenshotAs(Unknown Source)
at org.openqa.selenium.support.events.EventFiringWebDriver.getScreenshotAs(EventFiringWebDriver.java:301)
at com.xyz.qa.util.TestUtil.takeScreenshotAtEndOfTest(TestUtil.java:63)
at com.xyz.qa.util.WebEventListener.onException(WebEventListener.java:68)
at org.openqa.selenium.support.events.EventFiringWebDriver.lambda$new$0(EventFiringWebDriver.java:85)
at jdk.proxy2/jdk.proxy2.$Proxy8.onException(Unknown Source)
at org.openqa.selenium.support.events.EventFiringWebDriver.lambda$new$1(EventFiringWebDriver.java:109)
at jdk.proxy2/jdk.proxy2.$Proxy9.getScreenshotAs(Unknown Source)
at org.openqa.selenium.support.events.EventFiringWebDriver.getScreenshotAs(EventFiringWebDriver.java:301)
at com.xyz.qa.util.TestUtil.takeScreenshotAtEndOfTest(TestUtil.java:63)
at com.xyz.qa.util.WebEventListener.onException(WebEventListener.java:68)
at org.openqa.selenium.support.events.EventFiringWebDriver.lambda$new$0(EventFiringWebDriver.java:85)
at jdk.proxy2/jdk.proxy2.$Proxy8.onException(Unknown Source)
at org.openqa.selenium.support.events.EventFiringWebDriver.lambda$new$1(EventFiringWebDriver.java:109)
at jdk.proxy2/jdk.proxy2.$Proxy9.getScreenshotAs(Unknown Source)
at org.openqa.selenium.support.events.EventFiringWebDriver.getScreenshotAs(EventFiringWebDriver.java:301)
at com.xyz.qa.util.TestUtil.takeScreenshotAtEndOfTest(TestUtil.java:63)
at com.xyz.qa.util.WebEventListener.onException(WebEventListener.java:68)
at org.openqa.selenium.support.events.EventFiringWebDriver.lambda$new$0(EventFiringWebDriver.java:85)
at jdk.proxy2/jdk.proxy2.$Proxy8.onException(Unknown Source)
at org.openqa.selenium.support.events.EventFiringWebDriver.lambda$new$1(EventFiringWebDriver.java:109)
at jdk.proxy2/jdk.proxy2.$Proxy9.getScreenshotAs(Unknown Source)
at org.openqa.selenium.support.events.EventFiringWebDriver.getScreenshotAs(EventFiringWebDriver.java:301)
at com.xyz.qa.util.TestUtil.takeScreenshotAtEndOfTest(TestUtil.java:63)
at com.xyz.qa.util.WebEventListener.onException(WebEventListener.java:68)
at org.openqa.selenium.support.events.EventFiringWebDriver.lambda$new$0(EventFiringWebDriver.java:85)
at jdk.proxy2/jdk.proxy2.$Proxy8.onException(Unknown Source)
at org.openqa.selenium.support.events.EventFiringWebDriver.lambda$new$1(EventFiringWebDriver.java:109)
at jdk.proxy2/jdk.proxy2.$Proxy9.getScreenshotAs(Unknown Source)
at org.openqa.selenium.support.events.EventFiringWebDriver.getScreenshotAs(EventFiringWebDriver.java:301)
at com.xyz.qa.util.TestUtil.takeScreenshotAtEndOfTest(TestUtil.java:63)
at com.xyz.qa.util.WebEventListener.onException(WebEventListener.java:68)
at org.openqa.selenium.support.events.EventFiringWebDriver.lambda$new$0(EventFiringWebDriver.java:85)
at jdk.proxy2/jdk.proxy2.$Proxy8.onException(Unknown Source)
at org.openqa.selenium.support.events.EventFiringWebDriver.lambda$new$1(EventFiringWebDriver.java:109)
at jdk.proxy2/jdk.proxy2.$Proxy9.getScreenshotAs(Unknown Source)
at org.openqa.selenium.support.events.EventFiringWebDriver.getScreenshotAs(EventFiringWebDriver.java:301)
at com.xyz.qa.util.TestUtil.takeScreenshotAtEndOfTest(TestUtil.java:63)
at com.xyz.qa.util.WebEventListener.onException(WebEventListener.java:68)
at org.openqa.selenium.support.events.EventFiringWebDriver.lambda$new$0(EventFiringWebDriver.java:85)
at jdk.proxy2/jdk.proxy2.$Proxy8.onException(Unknown Source)
at org.openqa.selenium.support.events.EventFiringWebDriver.lambda$new$1(EventFiringWebDriver.java:109)
at jdk.proxy2/jdk.proxy2.$Proxy9.getScreenshotAs(Unknown Source)
at org.openqa.selenium.support.events.EventFiringWebDriver.getScreenshotAs(EventFiringWebDriver.java:301)
at com.xyz.qa.util.TestUtil.takeScreenshotAtEndOfTest(TestUtil.java:63)
at com.xyz.qa.util.WebEventListener.onException(WebEventListener.java:68)
at org.openqa.selenium.support.events.EventFiringWebDriver.lambda$new$0(EventFiringWebDriver.java:85)
at jdk.proxy2/jdk.proxy2.$Proxy8.onException(Unknown Source)
at org.openqa.selenium.support.events.EventFiringWebDriver.lambda$new$1(EventFiringWebDriver.java:109)
at jdk.proxy2/jdk.proxy2.$Proxy9.getScreenshotAs(Unknown Source)
at org.openqa.selenium.support.events.EventFiringWebDriver.getScreenshotAs(EventFiringWebDriver.java:301)
at com.xyz.qa.util.TestUtil.takeScreenshotAtEndOfTest(TestUtil.java:63)
at com.xyz.qa.util.WebEventListener.onException(WebEventListener.java:68)
at org.openqa.selenium.support.events.EventFiringWebDriver.lambda$new$0(EventFiringWebDriver.java:85)
at jdk.proxy2/jdk.proxy2.$Proxy8.onException(Unknown Source)
at org.openqa.selenium.support.events.EventFiringWebDriver.lambda$new$1(EventFiringWebDriver.java:109)
at jdk.proxy2/jdk.proxy2.$Proxy9.getScreenshotAs(Unknown Source)
at org.openqa.selenium.support.events.EventFiringWebDriver.getScreenshotAs(EventFiringWebDriver.java:301)
at com.xyz.qa.util.TestUtil.takeScreenshotAtEndOfTest(TestUtil.java:63)
at com.xyz.qa.util.WebEventListener.onException(WebEventListener.java:68)
at org.openqa.selenium.support.events.EventFiringWebDriver.lambda$new$0(EventFiringWebDriver.java:85)
at jdk.proxy2/jdk.proxy2.$Proxy8.onException(Unknown Source)
at org.openqa.selenium.support.events.EventFiringWebDriver.lambda$new$1(EventFiringWebDriver.java:109)
at jdk.proxy2/jdk.proxy2.$Proxy9.getScreenshotAs(Unknown Source)
at org.openqa.selenium.support.events.EventFiringWebDriver.getScreenshotAs(EventFiringWebDriver.java:301)
at com.xyz.qa.util.TestUtil.takeScreenshotAtEndOfTest(TestUtil.java:63)
at com.xyz.qa.util.WebEventListener.onException(WebEventListener.java:68)
at org.openqa.selenium.support.events.EventFiringWebDriver.lambda$new$0(EventFiringWebDriver.java:85)
at jdk.proxy2/jdk.proxy2.$Proxy8.onException(Unknown Source)
at org.openqa.selenium.support.events.EventFiringWebDriver.lambda$new$1(EventFiringWebDriver.java:109)
at jdk.proxy2/jdk.proxy2.$Proxy9.getScreenshotAs(Unknown Source)
at org.openqa.selenium.support.events.EventFiringWebDriver.getScreenshotAs(EventFiringWebDriver.java:301)
at com.xyz.qa.util.TestUtil.takeScreenshotAtEndOfTest(TestUtil.java:63)
at com.xyz.qa.util.WebEventListener.onException(WebEventListener.java:68)
at org.openqa.selenium.support.events.EventFiringWebDriver.lambda$new$0(EventFiringWebDriver.java:85)
at jdk.proxy2/jdk.proxy2.$Proxy8.onException(Unknown Source)
at org.openqa.selenium.support.events.EventFiringWebDriver.lambda$new$1(EventFiringWebDriver.java:109)
at jdk.proxy2/jdk.proxy2.$Proxy9.getScreenshotAs(Unknown Source)
at org.openqa.selenium.support.events.EventFiringWebDriver.getScreenshotAs(EventFiringWebDriver.java:301)
at com.xyz.qa.util.TestUtil.takeScreenshotAtEndOfTest(TestUtil.java:63)
at com.xyz.qa.util.WebEventListener.onException(WebEventListener.java:68)
at org.openqa.selenium.support.events.EventFiringWebDriver.lambda$new$0(EventFiringWebDriver.java:85)
at jdk.proxy2/jdk.proxy2.$Proxy8.onException(Unknown Source)
at org.openqa.selenium.support.events.EventFiringWebDriver.lambda$new$1(EventFiringWebDriver.java:109)
at jdk.proxy2/jdk.proxy2.$Proxy9.getScreenshotAs(Unknown Source)
at org.openqa.selenium.support.events.EventFiringWebDriver.getScreenshotAs(EventFiringWebDriver.java:301)
at com.xyz.qa.util.TestUtil.takeScreenshotAtEndOfTest(TestUtil.java:63)
at com.xyz.qa.util.WebEventListener.onException(WebEventListener.java:68)
at org.openqa.selenium.support.events.EventFiringWebDriver.lambda$new$0(EventFiringWebDriver.java:85)
at jdk.proxy2/jdk.proxy2.$Proxy8.onException(Unknown Source)
at org.openqa.selenium.support.events.EventFiringWebDriver.lambda$new$1(EventFiringWebDriver.java:109)
at jdk.proxy2/jdk.proxy2.$Proxy9.getScreenshotAs(Unknown Source)
at org.openqa.selenium.support.events.EventFiringWebDriver.getScreenshotAs(EventFiringWebDriver.java:301)
at com.xyz.qa.util.TestUtil.takeScreenshotAtEndOfTest(TestUtil.java:63)
at com.xyz.qa.util.WebEventListener.onException(WebEventListener.java:68)
at org.openqa.selenium.support.events.EventFiringWebDriver.lambda$new$0(EventFiringWebDriver.java:85)
at jdk.proxy2/jdk.proxy2.$Proxy8.onException(Unknown Source)
at org.openqa.selenium.support.events.EventFiringWebDriver.lambda$new$1(EventFiringWebDriver.java:109)
at jdk.proxy2/jdk.proxy2.$Proxy9.getScreenshotAs(Unknown Source)
at org.openqa.selenium.support.events.EventFiringWebDriver.getScreenshotAs(EventFiringWebDriver.java:301)
at com.xyz.qa.util.TestUtil.takeScreenshotAtEndOfTest(TestUtil.java:63)
at com.xyz.qa.util.WebEventListener.onException(WebEventListener.java:68)
at org.openqa.selenium.support.events.EventFiringWebDriver.lambda$new$0(EventFiringWebDriver.java:85)
at jdk.proxy2/jdk.proxy2.$Proxy8.onException(Unknown Source)
at org.openqa.selenium.support.events.EventFiringWebDriver.lambda$new$1(EventFiringWebDriver.java:109)
at jdk.proxy2/jdk.proxy2.$Proxy9.getScreenshotAs(Unknown Source)
at org.openqa.selenium.support.events.EventFiringWebDriver.getScreenshotAs(EventFiringWebDriver.java:301)
at com.xyz.qa.util.TestUtil.takeScreenshotAtEndOfTest(TestUtil.java:63)
at com.xyz.qa.util.WebEventListener.onException(WebEventListener.java:68)
at org.openqa.selenium.support.events.EventFiringWebDriver.lambda$new$0(EventFiringWebDriver.java:85)
at jdk.proxy2/jdk.proxy2.$Proxy8.onException(Unknown Source)
at org.openqa.selenium.support.events.EventFiringWebDriver.lambda$new$1(EventFiringWebDriver.java:109)
at jdk.proxy2/jdk.proxy2.$Proxy9.getScreenshotAs(Unknown Source)
at org.openqa.selenium.support.events.EventFiringWebDriver.getScreenshotAs(EventFiringWebDriver.java:301)
at com.xyz.qa.util.TestUtil.takeScreenshotAtEndOfTest(TestUtil.java:63)
at com.xyz.qa.util.WebEventListener.onException(WebEventListener.java:68)
at org.openqa.selenium.support.events.EventFiringWebDriver.lambda$new$0(EventFiringWebDriver.java:85)
at jdk.proxy2/jdk.proxy2.$Proxy8.onException(Unknown Source)
at org.openqa.selenium.support.events.EventFiringWebDriver.lambda$new$1(EventFiringWebDriver.java:109)
at jdk.proxy2/jdk.proxy2.$Proxy9.getScreenshotAs(Unknown Source)
at org.openqa.selenium.support.events.EventFiringWebDriver.getScreenshotAs(EventFiringWebDriver.java:301)
at com.xyz.qa.util.TestUtil.takeScreenshotAtEndOfTest(TestUtil.java:63)
at com.xyz.qa.util.WebEventListener.onException(WebEventListener.java:68)
at org.openqa.selenium.support.events.EventFiringWebDriver.lambda$new$0(EventFiringWebDriver.java:85)
at jdk.proxy2/jdk.proxy2.$Proxy8.onException(Unknown Source)
at org.openqa.selenium.support.events.EventFiringWebDriver.lambda$new$1(EventFiringWebDriver.java:109)
at jdk.proxy2/jdk.proxy2.$Proxy9.getScreenshotAs(Unknown Source)
at org.openqa.selenium.support.events.EventFiringWebDriver.getScreenshotAs(EventFiringWebDriver.java:301)
at com.xyz.qa.util.TestUtil.takeScreenshotAtEndOfTest(TestUtil.java:63)
at com.xyz.qa.util.WebEventListener.onException(WebEventListener.java:68)
at org.openqa.selenium.support.events.EventFiringWebDriver.lambda$new$0(EventFiringWebDriver.java:85)
at jdk.proxy2/jdk.proxy2.$Proxy8.onException(Unknown Source)
at org.openqa.selenium.support.events.EventFiringWebDriver.lambda$new$1(EventFiringWebDriver.java:109)
at jdk.proxy2/jdk.proxy2.$Proxy9.getScreenshotAs(Unknown Source)
at org.openqa.selenium.support.events.EventFiringWebDriver.getScreenshotAs(EventFiringWebDriver.java:301)
at com.xyz.qa.util.TestUtil.takeScreenshotAtEndOfTest(TestUtil.java:63)
at com.xyz.qa.util.WebEventListener.onException(WebEventListener.java:68)
at org.openqa.selenium.support.events.EventFiringWebDriver.lambda$new$0(EventFiringWebDriver.java:85)
at jdk.proxy2/jdk.proxy2.$Proxy8.onException(Unknown Source)
at org.openqa.selenium.support.events.EventFiringWebDriver.lambda$new$1(EventFiringWebDriver.java:109)
at jdk.proxy2/jdk.proxy2.$Proxy9.getScreenshotAs(Unknown Source)
at org.openqa.selenium.support.events.EventFiringWebDriver.getScreenshotAs(EventFiringWebDriver.java:301)
at com.xyz.qa.util.TestUtil.takeScreenshotAtEndOfTest(TestUtil.java:63)
at com.xyz.qa.util.WebEventListener.onException(WebEventListener.java:68)
at org.openqa.selenium.support.events.EventFiringWebDriver.lambda$new$0(EventFiringWebDriver.java:85)
at jdk.proxy2/jdk.proxy2.$Proxy8.onException(Unknown Source)
at org.openqa.selenium.support.events.EventFiringWebDriver.lambda$new$1(EventFiringWebDriver.java:109)
at jdk.proxy2/jdk.proxy2.$Proxy9.getScreenshotAs(Unknown Source)
at org.openqa.selenium.support.events.EventFiringWebDriver.getScreenshotAs(EventFiringWebDriver.java:301)
at com.xyz.qa.util.TestUtil.takeScreenshotAtEndOfTest(TestUtil.java:63)
at com.xyz.qa.util.WebEventListener.onException(WebEventListener.java:68)
at org.openqa.selenium.support.events.EventFiringWebDriver.lambda$new$0(EventFiringWebDriver.java:85)
at jdk.proxy2/jdk.proxy2.$Proxy8.onException(Unknown Source)
at org.openqa.selenium.support.events.EventFiringWebDriver.lambda$new$1(EventFiringWebDriver.java:109)
at jdk.proxy2/jdk.proxy2.$Proxy9.getScreenshotAs(Unknown Source)
at org.openqa.selenium.support.events.EventFiringWebDriver.getScreenshotAs(EventFiringWebDriver.java:301)
at com.xyz.qa.util.TestUtil.takeScreenshotAtEndOfTest(TestUtil.java:63)
at com.xyz.qa.util.WebEventListener.onException(WebEventListener.java:68)
at org.openqa.selenium.support.events.EventFiringWebDriver.lambda$new$0(EventFiringWebDriver.java:85)
at jdk.proxy2/jdk.proxy2.$Proxy8.onException(Unknown Source)
at org.openqa.selenium.support.events.EventFiringWebDriver.lambda$new$1(EventFiringWebDriver.java:109)
at jdk.proxy2/jdk.proxy2.$Proxy9.getScreenshotAs(Unknown Source)
at org.openqa.selenium.support.events.EventFiringWebDriver.getScreenshotAs(EventFiringWebDriver.java:301)
at com.xyz.qa.util.TestUtil.takeScreenshotAtEndOfTest(TestUtil.java:63)
at com.xyz.qa.util.WebEventListener.onException(WebEventListener.java:68)
at org.openqa.selenium.support.events.EventFiringWebDriver.lambda$new$0(EventFiringWebDriver.java:85)
at jdk.proxy2/jdk.proxy2.$Proxy8.onException(Unknown Source)
at org.openqa.selenium.support.events.EventFiringWebDriver.lambda$new$1(EventFiringWebDriver.java:109)
at jdk.proxy2/jdk.proxy2.$Proxy9.getScreenshotAs(Unknown Source)
at org.openqa.selenium.support.events.EventFiringWebDriver.getScreenshotAs(EventFiringWebDriver.java:301)
at com.xyz.qa.util.TestUtil.takeScreenshotAtEndOfTest(TestUtil.java:63)
at com.xyz.qa.util.WebEventListener.onException(WebEventListener.java:68)
at org.openqa.selenium.support.events.EventFiringWebDriver.lambda$new$0(EventFiringWebDriver.java:85)
at jdk.proxy2/jdk.proxy2.$Proxy8.onException(Unknown Source)
at org.openqa.selenium.support.events.EventFiringWebDriver.lambda$new$1(EventFiringWebDriver.java:109)
at jdk.proxy2/jdk.proxy2.$Proxy9.getScreenshotAs(Unknown Source)
at org.openqa.selenium.support.events.EventFiringWebDriver.getScreenshotAs(EventFiringWebDriver.java:301)
at com.xyz.qa.util.TestUtil.takeScreenshotAtEndOfTest(TestUtil.java:63)
at com.xyz.qa.util.WebEventListener.onException(WebEventListener.java:68)
at org.openqa.selenium.support.events.EventFiringWebDriver.lambda$new$0(EventFiringWebDriver.java:85)
at jdk.proxy2/jdk.proxy2.$Proxy8.onException(Unknown Source)
at org.openqa.selenium.support.events.EventFiringWebDriver.lambda$new$1(EventFiringWebDriver.java:109)
at jdk.proxy2/jdk.proxy2.$Proxy9.getScreenshotAs(Unknown Source)
at org.openqa.selenium.support.events.EventFiringWebDriver.getScreenshotAs(EventFiringWebDriver.java:301)
at com.xyz.qa.util.TestUtil.takeScreenshotAtEndOfTest(TestUtil.java:63)
at com.xyz.qa.util.WebEventListener.onException(WebEventListener.java:68)
at org.openqa.selenium.support.events.EventFiringWebDriver.lambda$new$0(EventFiringWebDriver.java:85)
at jdk.proxy2/jdk.proxy2.$Proxy8.onException(Unknown Source)
at org.openqa.selenium.support.events.EventFiringWebDriver.lambda$new$1(EventFiringWebDriver.java:109)
at jdk.proxy2/jdk.proxy2.$Proxy9.getScreenshotAs(Unknown Source)
at org.openqa.selenium.support.events.EventFiringWebDriver.getScreenshotAs(EventFiringWebDriver.java:301)
at com.xyz.qa.util.TestUtil.takeScreenshotAtEndOfTest(TestUtil.java:63)
at com.xyz.qa.util.WebEventListener.onException(WebEventListener.java:68)
at org.openqa.selenium.support.events.EventFiringWebDriver.lambda$new$0(EventFiringWebDriver.java:85)
at jdk.proxy2/jdk.proxy2.$Proxy8.onException(Unknown Source)
at org.openqa.selenium.support.events.EventFiringWebDriver.lambda$new$1(EventFiringWebDriver.java:109)
at jdk.proxy2/jdk.proxy2.$Proxy9.getScreenshotAs(Unknown Source)
at org.openqa.selenium.support.events.EventFiringWebDriver.getScreenshotAs(EventFiringWebDriver.java:301)
at com.xyz.qa.util.TestUtil.takeScreenshotAtEndOfTest(TestUtil.java:63)
at com.xyz.qa.util.WebEventListener.onException(WebEventListener.java:68)
at org.openqa.selenium.support.events.EventFiringWebDriver.lambda$new$0(EventFiringWebDriver.java:85)
at jdk.proxy2/jdk.proxy2.$Proxy8.onException(Unknown Source)
at org.openqa.selenium.support.events.EventFiringWebDriver.lambda$new$1(EventFiringWebDriver.java:109)
at jdk.proxy2/jdk.proxy2.$Proxy9.getScreenshotAs(Unknown Source)
at org.openqa.selenium.support.events.EventFiringWebDriver.getScreenshotAs(EventFiringWebDriver.java:301)
at com.xyz.qa.util.TestUtil.takeScreenshotAtEndOfTest(TestUtil.java:63)
at com.xyz.qa.util.WebEventListener.onException(WebEventListener.java:68)
at org.openqa.selenium.support.events.EventFiringWebDriver.lambda$new$0(EventFiringWebDriver.java:85)
at jdk.proxy2/jdk.proxy2.$Proxy8.onException(Unknown Source)
at org.openqa.selenium.support.events.EventFiringWebDriver.lambda$new$1(EventFiringWebDriver.java:109)
at jdk.proxy2/jdk.proxy2.$Proxy9.getScreenshotAs(Unknown Source)
at org.openqa.selenium.support.events.EventFiringWebDriver.getScreenshotAs(EventFiringWebDriver.java:301)
at com.xyz.qa.util.TestUtil.takeScreenshotAtEndOfTest(TestUtil.java:63)
at com.xyz.qa.util.WebEventListener.onException(WebEventListener.java:68)
at org.openqa.selenium.support.events.EventFiringWebDriver.lambda$new$0(EventFiringWebDriver.java:85)
at jdk.proxy2/jdk.proxy2.$Proxy8.onException(Unknown Source)
at org.openqa.selenium.support.events.EventFiringWebDriver.lambda$new$1(EventFiringWebDriver.java:109)
at jdk.proxy2/jdk.proxy2.$Proxy9.getScreenshotAs(Unknown Source)
at org.openqa.selenium.support.events.EventFiringWebDriver.getScreenshotAs(EventFiringWebDriver.java:301)
at com.xyz.qa.util.TestUtil.takeScreenshotAtEndOfTest(TestUtil.java:63)
at com.xyz.qa.util.WebEventListener.onException(WebEventListener.java:68)
at org.openqa.selenium.support.events.EventFiringWebDriver.lambda$new$0(EventFiringWebDriver.java:85)
at jdk.proxy2/jdk.proxy2.$Proxy8.onException(Unknown Source)
at org.openqa.selenium.support.events.EventFiringWebDriver.lambda$new$1(EventFiringWebDriver.java:109)
at jdk.proxy2/jdk.proxy2.$Proxy9.getScreenshotAs(Unknown Source)
at org.openqa.selenium.support.events.EventFiringWebDriver.getScreenshotAs(EventFiringWebDriver.java:301)
at com.xyz.qa.util.TestUtil.takeScreenshotAtEndOfTest(TestUtil.java:63)
at com.xyz.qa.util.WebEventListener.onException(WebEventListener.java:68)
at org.openqa.selenium.support.events.EventFiringWebDriver.lambda$new$0(EventFiringWebDriver.java:85)
at jdk.proxy2/jdk.proxy2.$Proxy8.onException(Unknown Source)
at org.openqa.selenium.support.events.EventFiringWebDriver.lambda$new$1(EventFiringWebDriver.java:109)
at jdk.proxy2/jdk.proxy2.$Proxy9.getScreenshotAs(Unknown Source)
at org.openqa.selenium.support.events.EventFiringWebDriver.getScreenshotAs(EventFiringWebDriver.java:301)
at com.xyz.qa.util.TestUtil.takeScreenshotAtEndOfTest(TestUtil.java:63)
at com.xyz.qa.util.WebEventListener.onException(WebEventListener.java:68)
at org.openqa.selenium.support.events.EventFiringWebDriver.lambda$new$0(EventFiringWebDriver.java:85)
at jdk.proxy2/jdk.proxy2.$Proxy8.onException(Unknown Source)
at org.openqa.selenium.support.events.EventFiringWebDriver.lambda$new$1(EventFiringWebDriver.java:109)
at jdk.proxy2/jdk.proxy2.$Proxy9.getScreenshotAs(Unknown Source)
at org.openqa.selenium.support.events.EventFiringWebDriver.getScreenshotAs(EventFiringWebDriver.java:301)
at com.xyz.qa.util.TestUtil.takeScreenshotAtEndOfTest(TestUtil.java:63)
at com.xyz.qa.util.WebEventListener.onException(WebEventListener.java:68)
at org.openqa.selenium.support.events.EventFiringWebDriver.lambda$new$0(EventFiringWebDriver.java:85)
at jdk.proxy2/jdk.proxy2.$Proxy8.onException(Unknown Source)
at org.openqa.selenium.support.events.EventFiringWebDriver.lambda$new$1(EventFiringWebDriver.java:109)
at jdk.proxy2/jdk.proxy2.$Proxy9.getScreenshotAs(Unknown Source)
at org.openqa.selenium.support.events.EventFiringWebDriver.getScreenshotAs(EventFiringWebDriver.java:301)
at com.xyz.qa.util.TestUtil.takeScreenshotAtEndOfTest(TestUtil.java:63)
at com.xyz.qa.util.WebEventListener.onException(WebEventListener.java:68)
at org.openqa.selenium.support.events.EventFiringWebDriver.lambda$new$0(EventFiringWebDriver.java:85)
at jdk.proxy2/jdk.proxy2.$Proxy8.onException(Unknown Source)
at org.openqa.selenium.support.events.EventFiringWebDriver.lambda$new$1(EventFiringWebDriver.java:109)
at jdk.proxy2/jdk.proxy2.$Proxy9.getScreenshotAs(Unknown Source)
at org.openqa.selenium.support.events.EventFiringWebDriver.getScreenshotAs(EventFiringWebDriver.java:301)
at com.xyz.qa.util.TestUtil.takeScreenshotAtEndOfTest(TestUtil.java:63)
at com.xyz.qa.util.WebEventListener.onException(WebEventListener.java:68)
at org.openqa.selenium.support.events.EventFiringWebDriver.lambda$new$0(EventFiringWebDriver.java:85)
at jdk.proxy2/jdk.proxy2.$Proxy8.onException(Unknown Source)
at org.openqa.selenium.support.events.EventFiringWebDriver.lambda$new$1(EventFiringWebDriver.java:109)
at jdk.proxy2/jdk.proxy2.$Proxy9.getScreenshotAs(Unknown Source)
at org.openqa.selenium.support.events.EventFiringWebDriver.getScreenshotAs(EventFiringWebDriver.java:301)
at com.xyz.qa.util.TestUtil.takeScreenshotAtEndOfTest(TestUtil.java:63)
at com.xyz.qa.util.WebEventListener.onException(WebEventListener.java:68)
at org.openqa.selenium.support.events.EventFiringWebDriver.lambda$new$0(EventFiringWebDriver.java:85)
at jdk.proxy2/jdk.proxy2.$Proxy8.onException(Unknown Source)
at org.openqa.selenium.support.events.EventFiringWebDriver.lambda$new$1(EventFiringWebDriver.java:109)
at jdk.proxy2/jdk.proxy2.$Proxy9.getScreenshotAs(Unknown Source)
at org.openqa.selenium.support.events.EventFiringWebDriver.getScreenshotAs(EventFiringWebDriver.java:301)
at com.xyz.qa.util.TestUtil.takeScreenshotAtEndOfTest(TestUtil.java:63)
at com.xyz.qa.util.WebEventListener.onException(WebEventListener.java:68)
at org.openqa.selenium.support.events.EventFiringWebDriver.lambda$new$0(EventFiringWebDriver.java:85)
at jdk.proxy2/jdk.proxy2.$Proxy8.onException(Unknown Source)
at org.openqa.selenium.support.events.EventFiringWebDriver.lambda$new$1(EventFiringWebDriver.java:109)
at jdk.proxy2/jdk.proxy2.$Proxy9.getScreenshotAs(Unknown Source)
at org.openqa.selenium.support.events.EventFiringWebDriver.getScreenshotAs(EventFiringWebDriver.java:301)
at com.xyz.qa.util.TestUtil.takeScreenshotAtEndOfTest(TestUtil.java:63)
at com.xyz.qa.util.WebEventListener.onException(WebEventListener.java:68)
at org.openqa.selenium.support.events.EventFiringWebDriver.lambda$new$0(EventFiringWebDriver.java:85)
at jdk.proxy2/jdk.proxy2.$Proxy8.onException(Unknown Source)
at org.openqa.selenium.support.events.EventFiringWebDriver.lambda$new$1(EventFiringWebDriver.java:109)
at jdk.proxy2/jdk.proxy2.$Proxy9.getScreenshotAs(Unknown Source)
at org.openqa.selenium.support.events.EventFiringWebDriver.getScreenshotAs(EventFiringWebDriver.java:301)
at com.xyz.qa.util.TestUtil.takeScreenshotAtEndOfTest(TestUtil.java:63)
at com.xyz.qa.util.WebEventListener.onException(WebEventListener.java:68)
at org.openqa.selenium.support.events.EventFiringWebDriver.lambda$new$0(EventFiringWebDriver.java:85)
at jdk.proxy2/jdk.proxy2.$Proxy8.onException(Unknown Source)
at org.openqa.selenium.support.events.EventFiringWebDriver.lambda$new$1(EventFiringWebDriver.java:109)
at jdk.proxy2/jdk.proxy2.$Proxy9.getScreenshotAs(Unknown Source)
at org.openqa.selenium.support.events.EventFiringWebDriver.getScreenshotAs(EventFiringWebDriver.java:301)
at com.xyz.qa.util.TestUtil.takeScreenshotAtEndOfTest(TestUtil.java:63)
at com.xyz.qa.util.WebEventListener.onException(WebEventListener.java:68)
at org.openqa.selenium.support.events.EventFiringWebDriver.lambda$new$0(EventFiringWebDriver.java:85)
at jdk.proxy2/jdk.proxy2.$Proxy8.onException(Unknown Source)
at org.openqa.selenium.support.events.EventFiringWebDriver.lambda$new$1(EventFiringWebDriver.java:109)
at jdk.proxy2/jdk.proxy2.$Proxy9.getScreenshotAs(Unknown Source)
at org.openqa.selenium.support.events.EventFiringWebDriver.getScreenshotAs(EventFiringWebDriver.java:301)
at com.xyz.qa.util.TestUtil.takeScreenshotAtEndOfTest(TestUtil.java:63)
at com.xyz.qa.util.WebEventListener.onException(WebEventListener.java:68)
at org.openqa.selenium.support.events.EventFiringWebDriver.lambda$new$0(EventFiringWebDriver.java:85)
at jdk.proxy2/jdk.proxy2.$Proxy8.onException(Unknown Source)
at org.openqa.selenium.support.events.EventFiringWebDriver.lambda$new$1(EventFiringWebDriver.java:109)
at jdk.proxy2/jdk.proxy2.$Proxy9.getScreenshotAs(Unknown Source)
at org.openqa.selenium.support.events.EventFiringWebDriver.getScreenshotAs(EventFiringWebDriver.java:301)
at com.xyz.qa.util.TestUtil.takeScreenshotAtEndOfTest(TestUtil.java:63)
at com.xyz.qa.util.WebEventListener.onException(WebEventListener.java:68)
at org.openqa.selenium.support.events.EventFiringWebDriver.lambda$new$0(EventFiringWebDriver.java:85)
at jdk.proxy2/jdk.proxy2.$Proxy8.onException(Unknown Source)
at org.openqa.selenium.support.events.EventFiringWebDriver.lambda$new$1(EventFiringWebDriver.java:109)
at jdk.proxy2/jdk.proxy2.$Proxy9.getScreenshotAs(Unknown Source)
at org.openqa.selenium.support.events.EventFiringWebDriver.getScreenshotAs(EventFiringWebDriver.java:301)
at com.xyz.qa.util.TestUtil.takeScreenshotAtEndOfTest(TestUtil.java:63)
at com.xyz.qa.util.WebEventListener.onException(WebEventListener.java:68)
at org.openqa.selenium.support.events.EventFiringWebDriver.lambda$new$0(EventFiringWebDriver.java:85)
at jdk.proxy2/jdk.proxy2.$Proxy8.onException(Unknown Source)
at org.openqa.selenium.support.events.EventFiringWebDriver.lambda$new$1(EventFiringWebDriver.java:109)
at jdk.proxy2/jdk.proxy2.$Proxy9.getScreenshotAs(Unknown Source)
at org.openqa.selenium.support.events.EventFiringWebDriver.getScreenshotAs(EventFiringWebDriver.java:301)
at com.xyz.qa.util.TestUtil.takeScreenshotAtEndOfTest(TestUtil.java:63)
at com.xyz.qa.util.WebEventListener.onException(WebEventListener.java:68)
at org.openqa.selenium.support.events.EventFiringWebDriver.lambda$new$0(EventFiringWebDriver.java:85)
at jdk.proxy2/jdk.proxy2.$Proxy8.onException(Unknown Source)
at org.openqa.selenium.support.events.EventFiringWebDriver.lambda$new$1(EventFiringWebDriver.java:109)
at jdk.proxy2/jdk.proxy2.$Proxy9.getScreenshotAs(Unknown Source)
at org.openqa.selenium.support.events.EventFiringWebDriver.getScreenshotAs(EventFiringWebDriver.java:301)
at com.xyz.qa.util.TestUtil.takeScreenshotAtEndOfTest(TestUtil.java:63)
at com.xyz.qa.util.WebEventListener.onException(WebEventListener.java:68)
at org.openqa.selenium.support.events.EventFiringWebDriver.lambda$new$0(EventFiringWebDriver.java:85)
at jdk.proxy2/jdk.proxy2.$Proxy8.onException(Unknown Source)
at org.openqa.selenium.support.events.EventFiringWebDriver.lambda$new$1(EventFiringWebDriver.java:109)
at jdk.proxy2/jdk.proxy2.$Proxy9.getScreenshotAs(Unknown Source)
at org.openqa.selenium.support.events.EventFiringWebDriver.getScreenshotAs(EventFiringWebDriver.java:301)
at com.xyz.qa.util.TestUtil.takeScreenshotAtEndOfTest(TestUtil.java:63)
at com.xyz.qa.util.WebEventListener.onException(WebEventListener.java:68)
at org.openqa.selenium.support.events.EventFiringWebDriver.lambda$new$0(EventFiringWebDriver.java:85)
at jdk.proxy2/jdk.proxy2.$Proxy8.onException(Unknown Source)
at org.openqa.selenium.support.events.EventFiringWebDriver.lambda$new$1(EventFiringWebDriver.java:109)
at jdk.proxy2/jdk.proxy2.$Proxy9.getScreenshotAs(Unknown Source)
at org.openqa.selenium.support.events.EventFiringWebDriver.getScreenshotAs(EventFiringWebDriver.java:301)
at com.xyz.qa.util.TestUtil.takeScreenshotAtEndOfTest(TestUtil.java:63)
at com.xyz.qa.util.WebEventListener.onException(WebEventListener.java:68)
at org.openqa.selenium.support.events.EventFiringWebDriver.lambda$new$0(EventFiringWebDriver.java:85)
at jdk.proxy2/jdk.proxy2.$Proxy8.onException(Unknown Source)
at org.openqa.selenium.support.events.EventFiringWebDriver.lambda$new$1(EventFiringWebDriver.java:109)
at jdk.proxy2/jdk.proxy2.$Proxy9.getScreenshotAs(Unknown Source)
at org.openqa.selenium.support.events.EventFiringWebDriver.getScreenshotAs(EventFiringWebDriver.java:301)
at com.xyz.qa.util.TestUtil.takeScreenshotAtEndOfTest(TestUtil.java:63)
at com.xyz.qa.util.WebEventListener.onException(WebEventListener.java:68)
at org.openqa.selenium.support.events.EventFiringWebDriver.lambda$new$0(EventFiringWebDriver.java:85)
at jdk.proxy2/jdk.proxy2.$Proxy8.onException(Unknown Source)
at org.openqa.selenium.support.events.EventFiringWebDriver.lambda$new$1(EventFiringWebDriver.java:109)
at jdk.proxy2/jdk.proxy2.$Proxy9.getScreenshotAs(Unknown Source)
at org.openqa.selenium.support.events.EventFiringWebDriver.getScreenshotAs(EventFiringWebDriver.java:301)
at com.xyz.qa.util.TestUtil.takeScreenshotAtEndOfTest(TestUtil.java:63)
at com.xyz.qa.util.WebEventListener.onException(WebEventListener.java:68)
at org.openqa.selenium.support.events.EventFiringWebDriver.lambda$new$0(EventFiringWebDriver.java:85)
at jdk.proxy2/jdk.proxy2.$Proxy8.onException(Unknown Source)
at org.openqa.selenium.support.events.EventFiringWebDriver.lambda$new$1(EventFiringWebDriver.java:109)
at jdk.proxy2/jdk.proxy2.$Proxy9.getScreenshotAs(Unknown Source)
at org.openqa.selenium.support.events.EventFiringWebDriver.getScreenshotAs(EventFiringWebDriver.java:301)
at com.xyz.qa.util.TestUtil.takeScreenshotAtEndOfTest(TestUtil.java:63)
at com.xyz.qa.util.WebEventListener.onException(WebEventListener.java:68)
at org.openqa.selenium.support.events.EventFiringWebDriver.lambda$new$0(EventFiringWebDriver.java:85)
at jdk.proxy2/jdk.proxy2.$Proxy8.onException(Unknown Source)
at org.openqa.selenium.support.events.EventFiringWebDriver.lambda$new$1(EventFiringWebDriver.java:109)
at jdk.proxy2/jdk.proxy2.$Proxy9.getScreenshotAs(Unknown Source)
at org.openqa.selenium.support.events.EventFiringWebDriver.getScreenshotAs(EventFiringWebDriver.java:301)
at com.xyz.qa.util.TestUtil.takeScreenshotAtEndOfTest(TestUtil.java:63)
at com.xyz.qa.util.WebEventListener.onException(WebEventListener.java:68)
at org.openqa.selenium.support.events.EventFiringWebDriver.lambda$new$0(EventFiringWebDriver.java:85)
at jdk.proxy2/jdk.proxy2.$Proxy8.onException(Unknown Source)
at org.openqa.selenium.support.events.EventFiringWebDriver.lambda$new$1(EventFiringWebDriver.java:109)
at jdk.proxy2/jdk.proxy2.$Proxy9.getScreenshotAs(Unknown Source)
at org.openqa.selenium.support.events.EventFiringWebDriver.getScreenshotAs(EventFiringWebDriver.java:301)
at com.xyz.qa.util.TestUtil.takeScreenshotAtEndOfTest(TestUtil.java:63)
at com.xyz.qa.util.WebEventListener.onException(WebEventListener.java:68)
at org.openqa.selenium.support.events.EventFiringWebDriver.lambda$new$0(EventFiringWebDriver.java:85)
at jdk.proxy2/jdk.proxy2.$Proxy8.onException(Unknown Source)
at org.openqa.selenium.support.events.EventFiringWebDriver.lambda$new$1(EventFiringWebDriver.java:109)
at jdk.proxy2/jdk.proxy2.$Proxy9.getScreenshotAs(Unknown Source)
at org.openqa.selenium.support.events.EventFiringWebDriver.getScreenshotAs(EventFiringWebDriver.java:301)
at com.xyz.qa.util.TestUtil.takeScreenshotAtEndOfTest(TestUtil.java:63)
at com.xyz.qa.util.WebEventListener.onException(WebEventListener.java:68)
at org.openqa.selenium.support.events.EventFiringWebDriver.lambda$new$0(EventFiringWebDriver.java:85)
at jdk.proxy2/jdk.proxy2.$Proxy8.onException(Unknown Source)
at org.openqa.selenium.support.events.EventFiringWebDriver.lambda$new$1(EventFiringWebDriver.java:109)
at jdk.proxy2/jdk.proxy2.$Proxy9.getScreenshotAs(Unknown Source)
at org.openqa.selenium.support.events.EventFiringWebDriver.getScreenshotAs(EventFiringWebDriver.java:301)
at com.xyz.qa.util.TestUtil.takeScreenshotAtEndOfTest(TestUtil.java:63)
at com.xyz.qa.util.WebEventListener.onException(WebEventListener.java:68)
at org.openqa.selenium.support.events.EventFiringWebDriver.lambda$new$0(EventFiringWebDriver.java:85)
at jdk.proxy2/jdk.proxy2.$Proxy8.onException(Unknown Source)
at org.openqa.selenium.support.events.EventFiringWebDriver.lambda$new$1(EventFiringWebDriver.java:109)
at jdk.proxy2/jdk.proxy2.$Proxy9.getScreenshotAs(Unknown Source)
at org.openqa.selenium.support.events.EventFiringWebDriver.getScreenshotAs(EventFiringWebDriver.java:301)
at com.xyz.qa.util.TestUtil.takeScreenshotAtEndOfTest(TestUtil.java:63)
at com.xyz.qa.util.WebEventListener.onException(WebEventListener.java:68)
at org.openqa.selenium.support.events.EventFiringWebDriver.lambda$new$0(EventFiringWebDriver.java:85)
at jdk.proxy2/jdk.proxy2.$Proxy8.onException(Unknown Source)
at org.openqa.selenium.support.events.EventFiringWebDriver.lambda$new$1(EventFiringWebDriver.java:109)
at jdk.proxy2/jdk.proxy2.$Proxy9.getScreenshotAs(Unknown Source)
at org.openqa.selenium.support.events.EventFiringWebDriver.getScreenshotAs(EventFiringWebDriver.java:301)
at com.xyz.qa.util.TestUtil.takeScreenshotAtEndOfTest(TestUtil.java:63)
at com.xyz.qa.util.WebEventListener.onException(WebEventListener.java:68)
at org.openqa.selenium.support.events.EventFiringWebDriver.lambda$new$0(EventFiringWebDriver.java:85)
at jdk.proxy2/jdk.proxy2.$Proxy8.onException(Unknown Source)
at org.openqa.selenium.support.events.EventFiringWebDriver.lambda$new$1(EventFiringWebDriver.java:109)
at jdk.proxy2/jdk.proxy2.$Proxy9.getScreenshotAs(Unknown Source)
at org.openqa.selenium.support.events.EventFiringWebDriver.getScreenshotAs(EventFiringWebDriver.java:301)
at com.xyz.qa.util.TestUtil.takeScreenshotAtEndOfTest(TestUtil.java:63)
at com.xyz.qa.util.WebEventListener.onException(WebEventListener.java:68)
at org.openqa.selenium.support.events.EventFiringWebDriver.lambda$new$0(EventFiringWebDriver.java:85)
at jdk.proxy2/jdk.proxy2.$Proxy8.onException(Unknown Source)
at org.openqa.selenium.support.events.EventFiringWebDriver.lambda$new$1(EventFiringWebDriver.java:109)
at jdk.proxy2/jdk.proxy2.$Proxy9.getScreenshotAs(Unknown Source)
at org.openqa.selenium.support.events.EventFiringWebDriver.getScreenshotAs(EventFiringWebDriver.java:301)
at com.xyz.qa.util.TestUtil.takeScreenshotAtEndOfTest(TestUtil.java:63)
at com.xyz.qa.util.WebEventListener.onException(WebEventListener.java:68)
at org.openqa.selenium.support.events.EventFiringWebDriver.lambda$new$0(EventFiringWebDriver.java:85)
at jdk.proxy2/jdk.proxy2.$Proxy8.onException(Unknown Source)
at org.openqa.selenium.support.events.EventFiringWebDriver.lambda$new$1(EventFiringWebDriver.java:109)
at jdk.proxy2/jdk.proxy2.$Proxy9.getScreenshotAs(Unknown Source)
at org.openqa.selenium.support.events.EventFiringWebDriver.getScreenshotAs(EventFiringWebDriver.java:301)
at com.xyz.qa.util.TestUtil.takeScreenshotAtEndOfTest(TestUtil.java:63)
at com.xyz.qa.util.WebEventListener.onException(WebEventListener.java:68)
at org.openqa.selenium.support.events.EventFiringWebDriver.lambda$new$0(EventFiringWebDriver.java:85)
at jdk.proxy2/jdk.proxy2.$Proxy8.onException(Unknown Source)
at org.openqa.selenium.support.events.EventFiringWebDriver.lambda$new$1(EventFiringWebDriver.java:109)
at jdk.proxy2/jdk.proxy2.$Proxy9.getScreenshotAs(Unknown Source)
at org.openqa.selenium.support.events.EventFiringWebDriver.getScreenshotAs(EventFiringWebDriver.java:301)
at com.xyz.qa.util.TestUtil.takeScreenshotAtEndOfTest(TestUtil.java:63)
at com.xyz.qa.util.WebEventListener.onException(WebEventListener.java:68)
at org.openqa.selenium.support.events.EventFiringWebDriver.lambda$new$0(EventFiringWebDriver.java:85)
at jdk.proxy2/jdk.proxy2.$Proxy8.onException(Unknown Source)
at org.openqa.selenium.support.events.EventFiringWebDriver.lambda$new$1(EventFiringWebDriver.java:109)
at jdk.proxy2/jdk.proxy2.$Proxy9.getScreenshotAs(Unknown Source)
at org.openqa.selenium.support.events.EventFiringWebDriver.getScreenshotAs(EventFiringWebDriver.java:301)
at com.xyz.qa.util.TestUtil.takeScreenshotAtEndOfTest(TestUtil.java:63)
at com.xyz.qa.util.WebEventListener.onException(WebEventListener.java:68)
at org.openqa.selenium.support.events.EventFiringWebDriver.lambda$new$0(EventFiringWebDriver.java:85)
at jdk.proxy2/jdk.proxy2.$Proxy8.onException(Unknown Source)
at org.openqa.selenium.support.events.EventFiringWebDriver.lambda$new$1(EventFiringWebDriver.java:109)
at jdk.proxy2/jdk.proxy2.$Proxy9.getScreenshotAs(Unknown Source)
at org.openqa.selenium.support.events.EventFiringWebDriver.getScreenshotAs(EventFiringWebDriver.java:301)
at com.xyz.qa.util.TestUtil.takeScreenshotAtEndOfTest(TestUtil.java:63)
at com.xyz.qa.util.WebEventListener.onException(WebEventListener.java:68)
at org.openqa.selenium.support.events.EventFiringWebDriver.lambda$new$0(EventFiringWebDriver.java:85)
at jdk.proxy2/jdk.proxy2.$Proxy8.onException(Unknown Source)
at org.openqa.selenium.support.events.EventFiringWebDriver.lambda$new$1(EventFiringWebDriver.java:109)
at jdk.proxy2/jdk.proxy2.$Proxy9.getScreenshotAs(Unknown Source)
at org.openqa.selenium.support.events.EventFiringWebDriver.getScreenshotAs(EventFiringWebDriver.java:301)
at com.xyz.qa.util.TestUtil.takeScreenshotAtEndOfTest(TestUtil.java:63)
at com.xyz.qa.util.WebEventListener.onException(WebEventListener.java:68)
at org.openqa.selenium.support.events.EventFiringWebDriver.lambda$new$0(EventFiringWebDriver.java:85)
at jdk.proxy2/jdk.proxy2.$Proxy8.onException(Unknown Source)
at org.openqa.selenium.support.events.EventFiringWebDriver.lambda$new$1(EventFiringWebDriver.java:109)
at jdk.proxy2/jdk.proxy2.$Proxy9.getScreenshotAs(Unknown Source)
at org.openqa.selenium.support.events.EventFiringWebDriver.getScreenshotAs(EventFiringWebDriver.java:301)
at com.xyz.qa.util.TestUtil.takeScreenshotAtEndOfTest(TestUtil.java:63)
at com.xyz.qa.util.WebEventListener.onException(WebEventListener.java:68)
at org.openqa.selenium.support.events.EventFiringWebDriver.lambda$new$0(EventFiringWebDriver.java:85)
at jdk.proxy2/jdk.proxy2.$Proxy8.onException(Unknown Source)
at org.openqa.selenium.support.events.EventFiringWebDriver.lambda$new$1(EventFiringWebDriver.java:109)
at jdk.proxy2/jdk.proxy2.$Proxy9.getScreenshotAs(Unknown Source)
at org.openqa.selenium.support.events.EventFiringWebDriver.getScreenshotAs(EventFiringWebDriver.java:301)
at com.xyz.qa.util.TestUtil.takeScreenshotAtEndOfTest(TestUtil.java:63)
at com.xyz.qa.util.WebEventListener.onException(WebEventListener.java:68)
at org.openqa.selenium.support.events.EventFiringWebDriver.lambda$new$0(EventFiringWebDriver.java:85)
at jdk.proxy2/jdk.proxy2.$Proxy8.onException(Unknown Source)
at org.openqa.selenium.support.events.EventFiringWebDriver.lambda$new$1(EventFiringWebDriver.java:109)
at jdk.proxy2/jdk.proxy2.$Proxy9.getScreenshotAs(Unknown Source)
at org.openqa.selenium.support.events.EventFiringWebDriver.getScreenshotAs(EventFiringWebDriver.java:301)
at com.xyz.qa.util.TestUtil.takeScreenshotAtEndOfTest(TestUtil.java:63)
at com.xyz.qa.util.WebEventListener.onException(WebEventListener.java:68)
at org.openqa.selenium.support.events.EventFiringWebDriver.lambda$new$0(EventFiringWebDriver.java:85)
at jdk.proxy2/jdk.proxy2.$Proxy8.onException(Unknown Source)
at org.openqa.selenium.support.events.EventFiringWebDriver.lambda$new$1(EventFiringWebDriver.java:109)
at jdk.proxy2/jdk.proxy2.$Proxy9.getScreenshotAs(Unknown Source)
at org.openqa.selenium.support.events.EventFiringWebDriver.getScreenshotAs(EventFiringWebDriver.java:301)
at com.xyz.qa.util.TestUtil.takeScreenshotAtEndOfTest(TestUtil.java:63)
at com.xyz.qa.util.WebEventListener.onException(WebEventListener.java:68)
at org.openqa.selenium.support.events.EventFiringWebDriver.lambda$new$0(EventFiringWebDriver.java:85)
at jdk.proxy2/jdk.proxy2.$Proxy8.onException(Unknown Source)
at org.openqa.selenium.support.events.EventFiringWebDriver.lambda$new$1(EventFiringWebDriver.java:109)
at jdk.proxy2/jdk.proxy2.$Proxy9.getScreenshotAs(Unknown Source)
at org.openqa.selenium.support.events.EventFiringWebDriver.getScreenshotAs(EventFiringWebDriver.java:301)
at com.xyz.qa.util.TestUtil.takeScreenshotAtEndOfTest(TestUtil.java:63)
at com.xyz.qa.util.WebEventListener.onException(WebEventListener.java:68)
at org.openqa.selenium.support.events.EventFiringWebDriver.lambda$new$0(EventFiringWebDriver.java:85)
at jdk.proxy2/jdk.proxy2.$Proxy8.onException(Unknown Source)
at org.openqa.selenium.support.events.EventFiringWebDriver.lambda$new$1(EventFiringWebDriver.java:109)
at jdk.proxy2/jdk.proxy2.$Proxy9.getScreenshotAs(Unknown Source)
at org.openqa.selenium.support.events.EventFiringWebDriver.getScreenshotAs(EventFiringWebDriver.java:301)
at com.xyz.qa.util.TestUtil.takeScreenshotAtEndOfTest(TestUtil.java:63)
at com.xyz.qa.util.WebEventListener.onException(WebEventListener.java:68)
at org.openqa.selenium.support.events.EventFiringWebDriver.lambda$new$0(EventFiringWebDriver.java:85)
at jdk.proxy2/jdk.proxy2.$Proxy8.onException(Unknown Source)
at org.openqa.selenium.support.events.EventFiringWebDriver.lambda$new$1(EventFiringWebDriver.java:109)
at jdk.proxy2/jdk.proxy2.$Proxy9.getScreenshotAs(Unknown Source)
at org.openqa.selenium.support.events.EventFiringWebDriver.getScreenshotAs(EventFiringWebDriver.java:301)
at com.xyz.qa.util.TestUtil.takeScreenshotAtEndOfTest(TestUtil.java:63)
at com.xyz.qa.util.WebEventListener.onException(WebEventListener.java:68)
at org.openqa.selenium.support.events.EventFiringWebDriver.lambda$new$0(EventFiringWebDriver.java:85)
at jdk.proxy2/jdk.proxy2.$Proxy8.onException(Unknown Source)
at org.openqa.selenium.support.events.EventFiringWebDriver.lambda$new$1(EventFiringWebDriver.java:109)
at jdk.proxy2/jdk.proxy2.$Proxy9.getScreenshotAs(Unknown Source)
at org.openqa.selenium.support.events.EventFiringWebDriver.getScreenshotAs(EventFiringWebDriver.java:301)
at com.xyz.qa.util.TestUtil.takeScreenshotAtEndOfTest(TestUtil.java:63)
at com.xyz.qa.util.WebEventListener.onException(WebEventListener.java:68)
at org.openqa.selenium.support.events.EventFiringWebDriver.lambda$new$0(EventFiringWebDriver.java:85)
at jdk.proxy2/jdk.proxy2.$Proxy8.onException(Unknown Source)
at org.openqa.selenium.support.events.EventFiringWebDriver.lambda$new$1(EventFiringWebDriver.java:109)
at jdk.proxy2/jdk.proxy2.$Proxy9.getScreenshotAs(Unknown Source)
at org.openqa.selenium.support.events.EventFiringWebDriver.getScreenshotAs(EventFiringWebDriver.java:301)
at com.xyz.qa.util.TestUtil.takeScreenshotAtEndOfTest(TestUtil.java:63)
at com.xyz.qa.util.WebEventListener.onException(WebEventListener.java:68)
... Removed 305 stack frames]]>
    </failure>
  </testcase> <!-- Homepagefun -->
  <testcase classname="com.xyz.qa.testcases.CustomerCompleteInfoTest" name="customercompleteinfo1" time="4.471">
    <failure type="org.openqa.selenium.NoAlertPresentException" message="no such alert
  (Session info: MicrosoftEdge=122.0.2365.80)
Build info: version: &amp;apos;4.15.0&amp;apos;, revision: &amp;apos;1d14b5521b&amp;apos;
System info: os.name: &amp;apos;Windows 11&amp;apos;, os.arch: &amp;apos;amd64&amp;apos;, os.version: &amp;apos;10.0&amp;apos;, java.version: &amp;apos;17.0.3&amp;apos;
Driver info: org.openqa.selenium.edge.EdgeDriver
Command: [cb353c49475a2fe5a667dec99b2cebb3, getAlertText {}]
Capabilities {acceptInsecureCerts: false, browserName: MicrosoftEdge, browserVersion: 122.0.2365.80, fedcm:accounts: true, ms:edgeOptions: {debuggerAddress: localhost:52374}, msedge: {msedgedriverVersion: 121.0.2277.128 (33d347b6876..., userDataDir: C:\Users\athar\AppData\Loca...}, networkConnectionEnabled: false, pageLoadStrategy: normal, platformName: windows, proxy: Proxy(), se:cdp: ws://localhost:52374/devtoo..., se:cdpVersion: 122.0.2365.80, setWindowRect: true, strictFileInteractability: false, timeouts: {implicit: 0, pageLoad: 300000, script: 30000}, unhandledPromptBehavior: dismiss and notify, webauthn:extension:credBlob: true, webauthn:extension:largeBlob: true, webauthn:extension:minPinLength: true, webauthn:extension:prf: true, webauthn:virtualAuthenticators: true}
Session ID: cb353c49475a2fe5a667dec99b2cebb3">
      <![CDATA[org.openqa.selenium.NoAlertPresentException: no such alert
  (Session info: MicrosoftEdge=122.0.2365.80)
Build info: version: '4.15.0', revision: '1d14b5521b'
System info: os.name: 'Windows 11', os.arch: 'amd64', os.version: '10.0', java.version: '17.0.3'
Driver info: org.openqa.selenium.edge.EdgeDriver
Command: [cb353c49475a2fe5a667dec99b2cebb3, getAlertText {}]
Capabilities {acceptInsecureCerts: false, browserName: MicrosoftEdge, browserVersion: 122.0.2365.80, fedcm:accounts: true, ms:edgeOptions: {debuggerAddress: localhost:52374}, msedge: {msedgedriverVersion: 121.0.2277.128 (33d347b6876..., userDataDir: C:\Users\athar\AppData\Loca...}, networkConnectionEnabled: false, pageLoadStrategy: normal, platformName: windows, proxy: Proxy(), se:cdp: ws://localhost:52374/devtoo..., se:cdpVersion: 122.0.2365.80, setWindowRect: true, strictFileInteractability: false, timeouts: {implicit: 0, pageLoad: 300000, script: 30000}, unhandledPromptBehavior: dismiss and notify, webauthn:extension:credBlob: true, webauthn:extension:largeBlob: true, webauthn:extension:minPinLength: true, webauthn:extension:prf: true, webauthn:virtualAuthenticators: true}
Session ID: cb353c49475a2fe5a667dec99b2cebb3
at org.openqa.selenium.remote.codec.w3c.W3CHttpResponseCodec.createException(W3CHttpResponseCodec.java:200)
at org.openqa.selenium.remote.codec.w3c.W3CHttpResponseCodec.decode(W3CHttpResponseCodec.java:133)
at org.openqa.selenium.remote.codec.w3c.W3CHttpResponseCodec.decode(W3CHttpResponseCodec.java:52)
at org.openqa.selenium.remote.HttpCommandExecutor.execute(HttpCommandExecutor.java:191)
at org.openqa.selenium.remote.service.DriverCommandExecutor.invokeExecute(DriverCommandExecutor.java:200)
at org.openqa.selenium.remote.service.DriverCommandExecutor.execute(DriverCommandExecutor.java:175)
at org.openqa.selenium.remote.RemoteWebDriver.execute(RemoteWebDriver.java:607)
at org.openqa.selenium.remote.RemoteWebDriver.execute(RemoteWebDriver.java:680)
at org.openqa.selenium.remote.RemoteWebDriver.execute(RemoteWebDriver.java:684)
at org.openqa.selenium.remote.RemoteWebDriver$RemoteTargetLocator.alert(RemoteWebDriver.java:1252)
at org.openqa.selenium.support.events.EventFiringWebDriver$EventFiringTargetLocator.alert(EventFiringWebDriver.java:767)
at com.xyz.qa.pages.BankManagerPage.customer(BankManagerPage.java:173)
at com.xyz.qa.testcases.CustomerCompleteInfoTest.customercompleteinfo1(CustomerCompleteInfoTest.java:22)
at java.base/java.util.ArrayList.forEach(ArrayList.java:1511)
at java.base/java.util.concurrent.FutureTask.run(FutureTask.java:264)
at java.base/java.util.concurrent.ThreadPoolExecutor.runWorker(ThreadPoolExecutor.java:1136)
at java.base/java.util.concurrent.ThreadPoolExecutor$Worker.run(ThreadPoolExecutor.java:635)
at java.base/java.lang.Thread.run(Thread.java:833)
... Removed 22 stack frames]]>
    </failure>
  </testcase> <!-- customercompleteinfo1 -->
  <testcase classname="com.xyz.qa.testcases.ExistingcustTest" name="existing1" time="4.451">
    <failure type="org.openqa.selenium.NoAlertPresentException" message="no such alert
  (Session info: MicrosoftEdge=122.0.2365.80)
Build info: version: &amp;apos;4.15.0&amp;apos;, revision: &amp;apos;1d14b5521b&amp;apos;
System info: os.name: &amp;apos;Windows 11&amp;apos;, os.arch: &amp;apos;amd64&amp;apos;, os.version: &amp;apos;10.0&amp;apos;, java.version: &amp;apos;17.0.3&amp;apos;
Driver info: org.openqa.selenium.edge.EdgeDriver
Command: [10831749f0c56a802ed38cb1f4a26e32, getAlertText {}]
Capabilities {acceptInsecureCerts: false, browserName: MicrosoftEdge, browserVersion: 122.0.2365.80, fedcm:accounts: true, ms:edgeOptions: {debuggerAddress: localhost:52466}, msedge: {msedgedriverVersion: 121.0.2277.128 (33d347b6876..., userDataDir: C:\Users\athar\AppData\Loca...}, networkConnectionEnabled: false, pageLoadStrategy: normal, platformName: windows, proxy: Proxy(), se:cdp: ws://localhost:52466/devtoo..., se:cdpVersion: 122.0.2365.80, setWindowRect: true, strictFileInteractability: false, timeouts: {implicit: 0, pageLoad: 300000, script: 30000}, unhandledPromptBehavior: dismiss and notify, webauthn:extension:credBlob: true, webauthn:extension:largeBlob: true, webauthn:extension:minPinLength: true, webauthn:extension:prf: true, webauthn:virtualAuthenticators: true}
Session ID: 10831749f0c56a802ed38cb1f4a26e32">
      <![CDATA[org.openqa.selenium.NoAlertPresentException: no such alert
  (Session info: MicrosoftEdge=122.0.2365.80)
Build info: version: '4.15.0', revision: '1d14b5521b'
System info: os.name: 'Windows 11', os.arch: 'amd64', os.version: '10.0', java.version: '17.0.3'
Driver info: org.openqa.selenium.edge.EdgeDriver
Command: [10831749f0c56a802ed38cb1f4a26e32, getAlertText {}]
Capabilities {acceptInsecureCerts: false, browserName: MicrosoftEdge, browserVersion: 122.0.2365.80, fedcm:accounts: true, ms:edgeOptions: {debuggerAddress: localhost:52466}, msedge: {msedgedriverVersion: 121.0.2277.128 (33d347b6876..., userDataDir: C:\Users\athar\AppData\Loca...}, networkConnectionEnabled: false, pageLoadStrategy: normal, platformName: windows, proxy: Proxy(), se:cdp: ws://localhost:52466/devtoo..., se:cdpVersion: 122.0.2365.80, setWindowRect: true, strictFileInteractability: false, timeouts: {implicit: 0, pageLoad: 300000, script: 30000}, unhandledPromptBehavior: dismiss and notify, webauthn:extension:credBlob: true, webauthn:extension:largeBlob: true, webauthn:extension:minPinLength: true, webauthn:extension:prf: true, webauthn:virtualAuthenticators: true}
Session ID: 10831749f0c56a802ed38cb1f4a26e32
at org.openqa.selenium.remote.codec.w3c.W3CHttpResponseCodec.createException(W3CHttpResponseCodec.java:200)
at org.openqa.selenium.remote.codec.w3c.W3CHttpResponseCodec.decode(W3CHttpResponseCodec.java:133)
at org.openqa.selenium.remote.codec.w3c.W3CHttpResponseCodec.decode(W3CHttpResponseCodec.java:52)
at org.openqa.selenium.remote.HttpCommandExecutor.execute(HttpCommandExecutor.java:191)
at org.openqa.selenium.remote.service.DriverCommandExecutor.invokeExecute(DriverCommandExecutor.java:200)
at org.openqa.selenium.remote.service.DriverCommandExecutor.execute(DriverCommandExecutor.java:175)
at org.openqa.selenium.remote.RemoteWebDriver.execute(RemoteWebDriver.java:607)
at org.openqa.selenium.remote.RemoteWebDriver.execute(RemoteWebDriver.java:680)
at org.openqa.selenium.remote.RemoteWebDriver.execute(RemoteWebDriver.java:684)
at org.openqa.selenium.remote.RemoteWebDriver$RemoteTargetLocator.alert(RemoteWebDriver.java:1252)
at org.openqa.selenium.support.events.EventFiringWebDriver$EventFiringTargetLocator.alert(EventFiringWebDriver.java:767)
at com.xyz.qa.pages.BankManagerPage.existing(BankManagerPage.java:245)
at com.xyz.qa.testcases.ExistingcustTest.existing1(ExistingcustTest.java:22)
at java.base/java.util.ArrayList.forEach(ArrayList.java:1511)
at java.base/java.util.concurrent.FutureTask.run(FutureTask.java:264)
at java.base/java.util.concurrent.ThreadPoolExecutor.runWorker(ThreadPoolExecutor.java:1136)
at java.base/java.util.concurrent.ThreadPoolExecutor$Worker.run(ThreadPoolExecutor.java:635)
at java.base/java.lang.Thread.run(Thread.java:833)
... Removed 22 stack frames]]>
    </failure>
  </testcase> <!-- existing1 -->
  <testcase classname="com.xyz.qa.testcases.OpenAccountTest" name="openaccount1" time="4.016">
    <failure type="org.openqa.selenium.NoAlertPresentException" message="no such alert
  (Session info: MicrosoftEdge=122.0.2365.80)
Build info: version: &amp;apos;4.15.0&amp;apos;, revision: &amp;apos;1d14b5521b&amp;apos;
System info: os.name: &amp;apos;Windows 11&amp;apos;, os.arch: &amp;apos;amd64&amp;apos;, os.version: &amp;apos;10.0&amp;apos;, java.version: &amp;apos;17.0.3&amp;apos;
Driver info: org.openqa.selenium.edge.EdgeDriver
Command: [08ad664e6bb644ec26ade3595cdb9855, getAlertText {}]
Capabilities {acceptInsecureCerts: false, browserName: MicrosoftEdge, browserVersion: 122.0.2365.80, fedcm:accounts: true, ms:edgeOptions: {debuggerAddress: localhost:52571}, msedge: {msedgedriverVersion: 121.0.2277.128 (33d347b6876..., userDataDir: C:\Users\athar\AppData\Loca...}, networkConnectionEnabled: false, pageLoadStrategy: normal, platformName: windows, proxy: Proxy(), se:cdp: ws://localhost:52571/devtoo..., se:cdpVersion: 122.0.2365.80, setWindowRect: true, strictFileInteractability: false, timeouts: {implicit: 0, pageLoad: 300000, script: 30000}, unhandledPromptBehavior: dismiss and notify, webauthn:extension:credBlob: true, webauthn:extension:largeBlob: true, webauthn:extension:minPinLength: true, webauthn:extension:prf: true, webauthn:virtualAuthenticators: true}
Session ID: 08ad664e6bb644ec26ade3595cdb9855">
      <![CDATA[org.openqa.selenium.NoAlertPresentException: no such alert
  (Session info: MicrosoftEdge=122.0.2365.80)
Build info: version: '4.15.0', revision: '1d14b5521b'
System info: os.name: 'Windows 11', os.arch: 'amd64', os.version: '10.0', java.version: '17.0.3'
Driver info: org.openqa.selenium.edge.EdgeDriver
Command: [08ad664e6bb644ec26ade3595cdb9855, getAlertText {}]
Capabilities {acceptInsecureCerts: false, browserName: MicrosoftEdge, browserVersion: 122.0.2365.80, fedcm:accounts: true, ms:edgeOptions: {debuggerAddress: localhost:52571}, msedge: {msedgedriverVersion: 121.0.2277.128 (33d347b6876..., userDataDir: C:\Users\athar\AppData\Loca...}, networkConnectionEnabled: false, pageLoadStrategy: normal, platformName: windows, proxy: Proxy(), se:cdp: ws://localhost:52571/devtoo..., se:cdpVersion: 122.0.2365.80, setWindowRect: true, strictFileInteractability: false, timeouts: {implicit: 0, pageLoad: 300000, script: 30000}, unhandledPromptBehavior: dismiss and notify, webauthn:extension:credBlob: true, webauthn:extension:largeBlob: true, webauthn:extension:minPinLength: true, webauthn:extension:prf: true, webauthn:virtualAuthenticators: true}
Session ID: 08ad664e6bb644ec26ade3595cdb9855
at org.openqa.selenium.remote.codec.w3c.W3CHttpResponseCodec.createException(W3CHttpResponseCodec.java:200)
at org.openqa.selenium.remote.codec.w3c.W3CHttpResponseCodec.decode(W3CHttpResponseCodec.java:133)
at org.openqa.selenium.remote.codec.w3c.W3CHttpResponseCodec.decode(W3CHttpResponseCodec.java:52)
at org.openqa.selenium.remote.HttpCommandExecutor.execute(HttpCommandExecutor.java:191)
at org.openqa.selenium.remote.service.DriverCommandExecutor.invokeExecute(DriverCommandExecutor.java:200)
at org.openqa.selenium.remote.service.DriverCommandExecutor.execute(DriverCommandExecutor.java:175)
at org.openqa.selenium.remote.RemoteWebDriver.execute(RemoteWebDriver.java:607)
at org.openqa.selenium.remote.RemoteWebDriver.execute(RemoteWebDriver.java:680)
at org.openqa.selenium.remote.RemoteWebDriver.execute(RemoteWebDriver.java:684)
at org.openqa.selenium.remote.RemoteWebDriver$RemoteTargetLocator.alert(RemoteWebDriver.java:1252)
at org.openqa.selenium.support.events.EventFiringWebDriver$EventFiringTargetLocator.alert(EventFiringWebDriver.java:767)
at com.xyz.qa.pages.BankManagerPage.openaccount(BankManagerPage.java:127)
at com.xyz.qa.testcases.OpenAccountTest.openaccount1(OpenAccountTest.java:22)
at java.base/java.util.ArrayList.forEach(ArrayList.java:1511)
at java.base/java.util.concurrent.FutureTask.run(FutureTask.java:264)
at java.base/java.util.concurrent.ThreadPoolExecutor.runWorker(ThreadPoolExecutor.java:1136)
at java.base/java.util.concurrent.ThreadPoolExecutor$Worker.run(ThreadPoolExecutor.java:635)
at java.base/java.lang.Thread.run(Thread.java:833)
... Removed 22 stack frames]]>
    </failure>
  </testcase> <!-- openaccount1 -->
  <testcase classname="com.xyz.qa.testcases.CustomerLoginInfoTest" name="testCustomerLoginFlow" time="5.413"/>
  <testcase classname="com.xyz.qa.testcases.DepositWithdrawalTest" name="testCustomerLoginFlow" time="2.141">
    <failure type="org.openqa.selenium.NoSuchElementException" message="Cannot locate option with index: 0
For documentation on this error, please visit: https://www.selenium.dev/documentation/webdriver/troubleshooting/errors#no-such-element-exception
Build info: version: &amp;apos;4.15.0&amp;apos;, revision: &amp;apos;1d14b5521b&amp;apos;
System info: os.name: &amp;apos;Windows 11&amp;apos;, os.arch: &amp;apos;amd64&amp;apos;, os.version: &amp;apos;10.0&amp;apos;, java.version: &amp;apos;17.0.3&amp;apos;
Driver info: driver.version: unknown">
      <![CDATA[org.openqa.selenium.NoSuchElementException: Cannot locate option with index: 0
For documentation on this error, please visit: https://www.selenium.dev/documentation/webdriver/troubleshooting/errors#no-such-element-exception
Build info: version: '4.15.0', revision: '1d14b5521b'
System info: os.name: 'Windows 11', os.arch: 'amd64', os.version: '10.0', java.version: '17.0.3'
Driver info: driver.version: unknown
at org.openqa.selenium.support.ui.Select.setSelectedByIndex(Select.java:303)
at org.openqa.selenium.support.ui.Select.selectByIndex(Select.java:179)
at com.xyz.qa.pages.CustomerPage.depositwithdrawal(CustomerPage.java:135)
at com.xyz.qa.testcases.DepositWithdrawalTest.testCustomerLoginFlow(DepositWithdrawalTest.java:24)
at java.base/java.util.ArrayList.forEach(ArrayList.java:1511)
at java.base/java.util.concurrent.FutureTask.run(FutureTask.java:264)
at java.base/java.util.concurrent.ThreadPoolExecutor.runWorker(ThreadPoolExecutor.java:1136)
at java.base/java.util.concurrent.ThreadPoolExecutor$Worker.run(ThreadPoolExecutor.java:635)
at java.base/java.lang.Thread.run(Thread.java:833)
... Removed 17 stack frames]]>
    </failure>
  </testcase> <!-- testCustomerLoginFlow -->
  <testcase classname="com.xyz.qa.testcases.TransactionFlowTest" name="testCustomerLoginFlow" time="5.535">
    <failure type="java.lang.StackOverflowError">
      <![CDATA[java.lang.StackOverflowError
at java.base/java.io.BufferedWriter.flushBuffer(BufferedWriter.java:120)
at java.base/java.io.PrintStream.writeln(PrintStream.java:722)
at java.base/java.io.PrintStream.println(PrintStream.java:1028)
at com.xyz.qa.util.WebEventListener.onException(WebEventListener.java:66)
at org.openqa.selenium.support.events.EventFiringWebDriver.lambda$new$0(EventFiringWebDriver.java:85)
at jdk.proxy2/jdk.proxy2.$Proxy8.onException(Unknown Source)
at org.openqa.selenium.support.events.EventFiringWebDriver.lambda$new$1(EventFiringWebDriver.java:109)
at jdk.proxy2/jdk.proxy2.$Proxy9.getScreenshotAs(Unknown Source)
at org.openqa.selenium.support.events.EventFiringWebDriver.getScreenshotAs(EventFiringWebDriver.java:301)
at com.xyz.qa.util.TestUtil.takeScreenshotAtEndOfTest(TestUtil.java:63)
at com.xyz.qa.util.WebEventListener.onException(WebEventListener.java:68)
at org.openqa.selenium.support.events.EventFiringWebDriver.lambda$new$0(EventFiringWebDriver.java:85)
at jdk.proxy2/jdk.proxy2.$Proxy8.onException(Unknown Source)
at org.openqa.selenium.support.events.EventFiringWebDriver.lambda$new$1(EventFiringWebDriver.java:109)
at jdk.proxy2/jdk.proxy2.$Proxy9.getScreenshotAs(Unknown Source)
at org.openqa.selenium.support.events.EventFiringWebDriver.getScreenshotAs(EventFiringWebDriver.java:301)
at com.xyz.qa.util.TestUtil.takeScreenshotAtEndOfTest(TestUtil.java:63)
at com.xyz.qa.util.WebEventListener.onException(WebEventListener.java:68)
at org.openqa.selenium.support.events.EventFiringWebDriver.lambda$new$0(EventFiringWebDriver.java:85)
at jdk.proxy2/jdk.proxy2.$Proxy8.onException(Unknown Source)
at org.openqa.selenium.support.events.EventFiringWebDriver.lambda$new$1(EventFiringWebDriver.java:109)
at jdk.proxy2/jdk.proxy2.$Proxy9.getScreenshotAs(Unknown Source)
at org.openqa.selenium.support.events.EventFiringWebDriver.getScreenshotAs(EventFiringWebDriver.java:301)
at com.xyz.qa.util.TestUtil.takeScreenshotAtEndOfTest(TestUtil.java:63)
at com.xyz.qa.util.WebEventListener.onException(WebEventListener.java:68)
at org.openqa.selenium.support.events.EventFiringWebDriver.lambda$new$0(EventFiringWebDriver.java:85)
at jdk.proxy2/jdk.proxy2.$Proxy8.onException(Unknown Source)
at org.openqa.selenium.support.events.EventFiringWebDriver.lambda$new$1(EventFiringWebDriver.java:109)
at jdk.proxy2/jdk.proxy2.$Proxy9.getScreenshotAs(Unknown Source)
at org.openqa.selenium.support.events.EventFiringWebDriver.getScreenshotAs(EventFiringWebDriver.java:301)
at com.xyz.qa.util.TestUtil.takeScreenshotAtEndOfTest(TestUtil.java:63)
at com.xyz.qa.util.WebEventListener.onException(WebEventListener.java:68)
at org.openqa.selenium.support.events.EventFiringWebDriver.lambda$new$0(EventFiringWebDriver.java:85)
at jdk.proxy2/jdk.proxy2.$Proxy8.onException(Unknown Source)
at org.openqa.selenium.support.events.EventFiringWebDriver.lambda$new$1(EventFiringWebDriver.java:109)
at jdk.proxy2/jdk.proxy2.$Proxy9.getScreenshotAs(Unknown Source)
at org.openqa.selenium.support.events.EventFiringWebDriver.getScreenshotAs(EventFiringWebDriver.java:301)
at com.xyz.qa.util.TestUtil.takeScreenshotAtEndOfTest(TestUtil.java:63)
at com.xyz.qa.util.WebEventListener.onException(WebEventListener.java:68)
at org.openqa.selenium.support.events.EventFiringWebDriver.lambda$new$0(EventFiringWebDriver.java:85)
at jdk.proxy2/jdk.proxy2.$Proxy8.onException(Unknown Source)
at org.openqa.selenium.support.events.EventFiringWebDriver.lambda$new$1(EventFiringWebDriver.java:109)
at jdk.proxy2/jdk.proxy2.$Proxy9.getScreenshotAs(Unknown Source)
at org.openqa.selenium.support.events.EventFiringWebDriver.getScreenshotAs(EventFiringWebDriver.java:301)
at com.xyz.qa.util.TestUtil.takeScreenshotAtEndOfTest(TestUtil.java:63)
at com.xyz.qa.util.WebEventListener.onException(WebEventListener.java:68)
at org.openqa.selenium.support.events.EventFiringWebDriver.lambda$new$0(EventFiringWebDriver.java:85)
at jdk.proxy2/jdk.proxy2.$Proxy8.onException(Unknown Source)
at org.openqa.selenium.support.events.EventFiringWebDriver.lambda$new$1(EventFiringWebDriver.java:109)
at jdk.proxy2/jdk.proxy2.$Proxy9.getScreenshotAs(Unknown Source)
at org.openqa.selenium.support.events.EventFiringWebDriver.getScreenshotAs(EventFiringWebDriver.java:301)
at com.xyz.qa.util.TestUtil.takeScreenshotAtEndOfTest(TestUtil.java:63)
at com.xyz.qa.util.WebEventListener.onException(WebEventListener.java:68)
at org.openqa.selenium.support.events.EventFiringWebDriver.lambda$new$0(EventFiringWebDriver.java:85)
at jdk.proxy2/jdk.proxy2.$Proxy8.onException(Unknown Source)
at org.openqa.selenium.support.events.EventFiringWebDriver.lambda$new$1(EventFiringWebDriver.java:109)
[...]
at jdk.proxy2/jdk.proxy2.$Proxy8.onException(Unknown Source)
at org.openqa.selenium.support.events.EventFiringWebDriver.lambda$new$1(EventFiringWebDriver.java:109)
at jdk.proxy2/jdk.proxy2.$Proxy9.getScreenshotAs(Unknown Source)
at org.openqa.selenium.support.events.EventFiringWebDriver.getScreenshotAs(EventFiringWebDriver.java:301)
at com.xyz.qa.util.TestUtil.takeScreenshotAtEndOfTest(TestUtil.java:63)
at com.xyz.qa.util.WebEventListener.onException(WebEventListener.java:68)
at org.openqa.selenium.support.events.EventFiringWebDriver.lambda$new$0(EventFiringWebDriver.java:85)
at jdk.proxy2/jdk.proxy2.$Proxy8.onException(Unknown Source)
at org.openqa.selenium.support.events.EventFiringWebDriver.lambda$new$1(EventFiringWebDriver.java:109)
at jdk.proxy2/jdk.proxy2.$Proxy9.getScreenshotAs(Unknown Source)
at org.openqa.selenium.support.events.EventFiringWebDriver.getScreenshotAs(EventFiringWebDriver.java:301)
at com.xyz.qa.util.TestUtil.takeScreenshotAtEndOfTest(TestUtil.java:63)
at com.xyz.qa.util.WebEventListener.onException(WebEventListener.java:68)
at org.openqa.selenium.support.events.EventFiringWebDriver.lambda$new$0(EventFiringWebDriver.java:85)
at jdk.proxy2/jdk.proxy2.$Proxy8.onException(Unknown Source)
at org.openqa.selenium.support.events.EventFiringWebDriver.lambda$new$1(EventFiringWebDriver.java:109)
at jdk.proxy2/jdk.proxy2.$Proxy9.getScreenshotAs(Unknown Source)
at org.openqa.selenium.support.events.EventFiringWebDriver.getScreenshotAs(EventFiringWebDriver.java:301)
at com.xyz.qa.util.TestUtil.takeScreenshotAtEndOfTest(TestUtil.java:63)
at com.xyz.qa.util.WebEventListener.onException(WebEventListener.java:68)
at org.openqa.selenium.support.events.EventFiringWebDriver.lambda$new$0(EventFiringWebDriver.java:85)
at jdk.proxy2/jdk.proxy2.$Proxy8.onException(Unknown Source)
at org.openqa.selenium.support.events.EventFiringWebDriver.lambda$new$1(EventFiringWebDriver.java:109)
at jdk.proxy2/jdk.proxy2.$Proxy9.getScreenshotAs(Unknown Source)
at org.openqa.selenium.support.events.EventFiringWebDriver.getScreenshotAs(EventFiringWebDriver.java:301)
at com.xyz.qa.util.TestUtil.takeScreenshotAtEndOfTest(TestUtil.java:63)
at com.xyz.qa.util.WebEventListener.onException(WebEventListener.java:68)
at org.openqa.selenium.support.events.EventFiringWebDriver.lambda$new$0(EventFiringWebDriver.java:85)
at jdk.proxy2/jdk.proxy2.$Proxy8.onException(Unknown Source)
at org.openqa.selenium.support.events.EventFiringWebDriver.lambda$new$1(EventFiringWebDriver.java:109)
at jdk.proxy2/jdk.proxy2.$Proxy9.getScreenshotAs(Unknown Source)
at org.openqa.selenium.support.events.EventFiringWebDriver.getScreenshotAs(EventFiringWebDriver.java:301)
at com.xyz.qa.util.TestUtil.takeScreenshotAtEndOfTest(TestUtil.java:63)
at com.xyz.qa.util.WebEventListener.onException(WebEventListener.java:68)
at org.openqa.selenium.support.events.EventFiringWebDriver.lambda$new$0(EventFiringWebDriver.java:85)
at jdk.proxy2/jdk.proxy2.$Proxy8.onException(Unknown Source)
at org.openqa.selenium.support.events.EventFiringWebDriver.lambda$new$1(EventFiringWebDriver.java:109)
at jdk.proxy2/jdk.proxy2.$Proxy9.getScreenshotAs(Unknown Source)
at org.openqa.selenium.support.events.EventFiringWebDriver.getScreenshotAs(EventFiringWebDriver.java:301)
at com.xyz.qa.util.TestUtil.takeScreenshotAtEndOfTest(TestUtil.java:63)
at com.xyz.qa.util.WebEventListener.onException(WebEventListener.java:68)
at org.openqa.selenium.support.events.EventFiringWebDriver.lambda$new$0(EventFiringWebDriver.java:85)
at jdk.proxy2/jdk.proxy2.$Proxy8.onException(Unknown Source)
at org.openqa.selenium.support.events.EventFiringWebDriver.lambda$new$1(EventFiringWebDriver.java:109)
at jdk.proxy2/jdk.proxy2.$Proxy9.getScreenshotAs(Unknown Source)
at org.openqa.selenium.support.events.EventFiringWebDriver.getScreenshotAs(EventFiringWebDriver.java:301)
at com.xyz.qa.util.TestUtil.takeScreenshotAtEndOfTest(TestUtil.java:63)
at com.xyz.qa.util.WebEventListener.onException(WebEventListener.java:68)
at org.openqa.selenium.support.events.EventFiringWebDriver.lambda$new$0(EventFiringWebDriver.java:85)
at jdk.proxy2/jdk.proxy2.$Proxy8.onException(Unknown Source)
at org.openqa.selenium.support.events.EventFiringWebDriver.lambda$new$1(EventFiringWebDriver.java:109)
at jdk.proxy2/jdk.proxy2.$Proxy9.getScreenshotAs(Unknown Source)
at org.openqa.selenium.support.events.EventFiringWebDriver.getScreenshotAs(EventFiringWebDriver.java:301)
at com.xyz.qa.util.TestUtil.takeScreenshotAtEndOfTest(TestUtil.java:63)
at com.xyz.qa.util.WebEventListener.onException(WebEventListener.java:68)
at org.openqa.selenium.support.events.EventFiringWebDriver.lambda$new$0(EventFiringWebDriver.java:85)
at jdk.proxy2/jdk.proxy2.$Proxy8.onException(Unknown Source)
at org.openqa.selenium.support.events.EventFiringWebDriver.lambda$new$1(EventFiringWebDriver.java:109)
at jdk.proxy2/jdk.proxy2.$Proxy9.getScreenshotAs(Unknown Source)
at org.openqa.selenium.support.events.EventFiringWebDriver.getScreenshotAs(EventFiringWebDriver.java:301)
at com.xyz.qa.util.TestUtil.takeScreenshotAtEndOfTest(TestUtil.java:63)
at com.xyz.qa.util.WebEventListener.onException(WebEventListener.java:68)
at org.openqa.selenium.support.events.EventFiringWebDriver.lambda$new$0(EventFiringWebDriver.java:85)
at jdk.proxy2/jdk.proxy2.$Proxy8.onException(Unknown Source)
at org.openqa.selenium.support.events.EventFiringWebDriver.lambda$new$1(EventFiringWebDriver.java:109)
at jdk.proxy2/jdk.proxy2.$Proxy9.getScreenshotAs(Unknown Source)
at org.openqa.selenium.support.events.EventFiringWebDriver.getScreenshotAs(EventFiringWebDriver.java:301)
at com.xyz.qa.util.TestUtil.takeScreenshotAtEndOfTest(TestUtil.java:63)
at com.xyz.qa.util.WebEventListener.onException(WebEventListener.java:68)
at org.openqa.selenium.support.events.EventFiringWebDriver.lambda$new$0(EventFiringWebDriver.java:85)
at jdk.proxy2/jdk.proxy2.$Proxy8.onException(Unknown Source)
at org.openqa.selenium.support.events.EventFiringWebDriver.lambda$new$1(EventFiringWebDriver.java:109)
at jdk.proxy2/jdk.proxy2.$Proxy9.getScreenshotAs(Unknown Source)
at org.openqa.selenium.support.events.EventFiringWebDriver.getScreenshotAs(EventFiringWebDriver.java:301)
at com.xyz.qa.util.TestUtil.takeScreenshotAtEndOfTest(TestUtil.java:63)
at com.xyz.qa.util.WebEventListener.onException(WebEventListener.java:68)
at org.openqa.selenium.support.events.EventFiringWebDriver.lambda$new$0(EventFiringWebDriver.java:85)
at jdk.proxy2/jdk.proxy2.$Proxy8.onException(Unknown Source)
at org.openqa.selenium.support.events.EventFiringWebDriver.lambda$new$1(EventFiringWebDriver.java:109)
at jdk.proxy2/jdk.proxy2.$Proxy9.getScreenshotAs(Unknown Source)
at org.openqa.selenium.support.events.EventFiringWebDriver.getScreenshotAs(EventFiringWebDriver.java:301)
at com.xyz.qa.util.TestUtil.takeScreenshotAtEndOfTest(TestUtil.java:63)
at com.xyz.qa.util.WebEventListener.onException(WebEventListener.java:68)
at org.openqa.selenium.support.events.EventFiringWebDriver.lambda$new$0(EventFiringWebDriver.java:85)
at jdk.proxy2/jdk.proxy2.$Proxy8.onException(Unknown Source)
at org.openqa.selenium.support.events.EventFiringWebDriver.lambda$new$1(EventFiringWebDriver.java:109)
at jdk.proxy2/jdk.proxy2.$Proxy9.getScreenshotAs(Unknown Source)
at org.openqa.selenium.support.events.EventFiringWebDriver.getScreenshotAs(EventFiringWebDriver.java:301)
at com.xyz.qa.util.TestUtil.takeScreenshotAtEndOfTest(TestUtil.java:63)
at com.xyz.qa.util.WebEventListener.onException(WebEventListener.java:68)
at org.openqa.selenium.support.events.EventFiringWebDriver.lambda$new$0(EventFiringWebDriver.java:85)
at jdk.proxy2/jdk.proxy2.$Proxy8.onException(Unknown Source)
at org.openqa.selenium.support.events.EventFiringWebDriver.lambda$new$1(EventFiringWebDriver.java:109)
at jdk.proxy2/jdk.proxy2.$Proxy9.getScreenshotAs(Unknown Source)
at org.openqa.selenium.support.events.EventFiringWebDriver.getScreenshotAs(EventFiringWebDriver.java:301)
at com.xyz.qa.util.TestUtil.takeScreenshotAtEndOfTest(TestUtil.java:63)
at com.xyz.qa.util.WebEventListener.onException(WebEventListener.java:68)
at org.openqa.selenium.support.events.EventFiringWebDriver.lambda$new$0(EventFiringWebDriver.java:85)
at jdk.proxy2/jdk.proxy2.$Proxy8.onException(Unknown Source)
at org.openqa.selenium.support.events.EventFiringWebDriver.lambda$new$1(EventFiringWebDriver.java:109)
at jdk.proxy2/jdk.proxy2.$Proxy9.getScreenshotAs(Unknown Source)
at org.openqa.selenium.support.events.EventFiringWebDriver.getScreenshotAs(EventFiringWebDriver.java:301)
at com.xyz.qa.util.TestUtil.takeScreenshotAtEndOfTest(TestUtil.java:63)
at com.xyz.qa.util.WebEventListener.onException(WebEventListener.java:68)
at org.openqa.selenium.support.events.EventFiringWebDriver.lambda$new$0(EventFiringWebDriver.java:85)
at jdk.proxy2/jdk.proxy2.$Proxy8.onException(Unknown Source)
at org.openqa.selenium.support.events.EventFiringWebDriver.lambda$new$1(EventFiringWebDriver.java:109)
at jdk.proxy2/jdk.proxy2.$Proxy9.getScreenshotAs(Unknown Source)
at org.openqa.selenium.support.events.EventFiringWebDriver.getScreenshotAs(EventFiringWebDriver.java:301)
at com.xyz.qa.util.TestUtil.takeScreenshotAtEndOfTest(TestUtil.java:63)
at com.xyz.qa.util.WebEventListener.onException(WebEventListener.java:68)
at org.openqa.selenium.support.events.EventFiringWebDriver.lambda$new$0(EventFiringWebDriver.java:85)
at jdk.proxy2/jdk.proxy2.$Proxy8.onException(Unknown Source)
at org.openqa.selenium.support.events.EventFiringWebDriver.lambda$new$1(EventFiringWebDriver.java:109)
at jdk.proxy2/jdk.proxy2.$Proxy9.getScreenshotAs(Unknown Source)
at org.openqa.selenium.support.events.EventFiringWebDriver.getScreenshotAs(EventFiringWebDriver.java:301)
at com.xyz.qa.util.TestUtil.takeScreenshotAtEndOfTest(TestUtil.java:63)
at com.xyz.qa.util.WebEventListener.onException(WebEventListener.java:68)
at org.openqa.selenium.support.events.EventFiringWebDriver.lambda$new$0(EventFiringWebDriver.java:85)
at jdk.proxy2/jdk.proxy2.$Proxy8.onException(Unknown Source)
at org.openqa.selenium.support.events.EventFiringWebDriver.lambda$new$1(EventFiringWebDriver.java:109)
at jdk.proxy2/jdk.proxy2.$Proxy9.getScreenshotAs(Unknown Source)
at org.openqa.selenium.support.events.EventFiringWebDriver.getScreenshotAs(EventFiringWebDriver.java:301)
at com.xyz.qa.util.TestUtil.takeScreenshotAtEndOfTest(TestUtil.java:63)
at com.xyz.qa.util.WebEventListener.onException(WebEventListener.java:68)
at org.openqa.selenium.support.events.EventFiringWebDriver.lambda$new$0(EventFiringWebDriver.java:85)
at jdk.proxy2/jdk.proxy2.$Proxy8.onException(Unknown Source)
at org.openqa.selenium.support.events.EventFiringWebDriver.lambda$new$1(EventFiringWebDriver.java:109)
at jdk.proxy2/jdk.proxy2.$Proxy9.getScreenshotAs(Unknown Source)
at org.openqa.selenium.support.events.EventFiringWebDriver.getScreenshotAs(EventFiringWebDriver.java:301)
at com.xyz.qa.util.TestUtil.takeScreenshotAtEndOfTest(TestUtil.java:63)
at com.xyz.qa.util.WebEventListener.onException(WebEventListener.java:68)
at org.openqa.selenium.support.events.EventFiringWebDriver.lambda$new$0(EventFiringWebDriver.java:85)
at jdk.proxy2/jdk.proxy2.$Proxy8.onException(Unknown Source)
at org.openqa.selenium.support.events.EventFiringWebDriver.lambda$new$1(EventFiringWebDriver.java:109)
at jdk.proxy2/jdk.proxy2.$Proxy9.getScreenshotAs(Unknown Source)
at org.openqa.selenium.support.events.EventFiringWebDriver.getScreenshotAs(EventFiringWebDriver.java:301)
at com.xyz.qa.util.TestUtil.takeScreenshotAtEndOfTest(TestUtil.java:63)
at com.xyz.qa.util.WebEventListener.onException(WebEventListener.java:68)
at org.openqa.selenium.support.events.EventFiringWebDriver.lambda$new$0(EventFiringWebDriver.java:85)
at jdk.proxy2/jdk.proxy2.$Proxy8.onException(Unknown Source)
at org.openqa.selenium.support.events.EventFiringWebDriver.lambda$new$1(EventFiringWebDriver.java:109)
at jdk.proxy2/jdk.proxy2.$Proxy9.getScreenshotAs(Unknown Source)
at org.openqa.selenium.support.events.EventFiringWebDriver.getScreenshotAs(EventFiringWebDriver.java:301)
at com.xyz.qa.util.TestUtil.takeScreenshotAtEndOfTest(TestUtil.java:63)
at com.xyz.qa.util.WebEventListener.onException(WebEventListener.java:68)
at org.openqa.selenium.support.events.EventFiringWebDriver.lambda$new$0(EventFiringWebDriver.java:85)
at jdk.proxy2/jdk.proxy2.$Proxy8.onException(Unknown Source)
at org.openqa.selenium.support.events.EventFiringWebDriver.lambda$new$1(EventFiringWebDriver.java:109)
at jdk.proxy2/jdk.proxy2.$Proxy9.getScreenshotAs(Unknown Source)
at org.openqa.selenium.support.events.EventFiringWebDriver.getScreenshotAs(EventFiringWebDriver.java:301)
at com.xyz.qa.util.TestUtil.takeScreenshotAtEndOfTest(TestUtil.java:63)
at com.xyz.qa.util.WebEventListener.onException(WebEventListener.java:68)
at org.openqa.selenium.support.events.EventFiringWebDriver.lambda$new$0(EventFiringWebDriver.java:85)
at jdk.proxy2/jdk.proxy2.$Proxy8.onException(Unknown Source)
at org.openqa.selenium.support.events.EventFiringWebDriver.lambda$new$1(EventFiringWebDriver.java:109)
at jdk.proxy2/jdk.proxy2.$Proxy9.getScreenshotAs(Unknown Source)
at org.openqa.selenium.support.events.EventFiringWebDriver.getScreenshotAs(EventFiringWebDriver.java:301)
at com.xyz.qa.util.TestUtil.takeScreenshotAtEndOfTest(TestUtil.java:63)
at com.xyz.qa.util.WebEventListener.onException(WebEventListener.java:68)
at org.openqa.selenium.support.events.EventFiringWebDriver.lambda$new$0(EventFiringWebDriver.java:85)
at jdk.proxy2/jdk.proxy2.$Proxy8.onException(Unknown Source)
at org.openqa.selenium.support.events.EventFiringWebDriver.lambda$new$1(EventFiringWebDriver.java:109)
at jdk.proxy2/jdk.proxy2.$Proxy9.getScreenshotAs(Unknown Source)
at org.openqa.selenium.support.events.EventFiringWebDriver.getScreenshotAs(EventFiringWebDriver.java:301)
at com.xyz.qa.util.TestUtil.takeScreenshotAtEndOfTest(TestUtil.java:63)
at com.xyz.qa.util.WebEventListener.onException(WebEventListener.java:68)
at org.openqa.selenium.support.events.EventFiringWebDriver.lambda$new$0(EventFiringWebDriver.java:85)
at jdk.proxy2/jdk.proxy2.$Proxy8.onException(Unknown Source)
at org.openqa.selenium.support.events.EventFiringWebDriver.lambda$new$1(EventFiringWebDriver.java:109)
at jdk.proxy2/jdk.proxy2.$Proxy9.getScreenshotAs(Unknown Source)
at org.openqa.selenium.support.events.EventFiringWebDriver.getScreenshotAs(EventFiringWebDriver.java:301)
at com.xyz.qa.util.TestUtil.takeScreenshotAtEndOfTest(TestUtil.java:63)
at com.xyz.qa.util.WebEventListener.onException(WebEventListener.java:68)
at org.openqa.selenium.support.events.EventFiringWebDriver.lambda$new$0(EventFiringWebDriver.java:85)
at jdk.proxy2/jdk.proxy2.$Proxy8.onException(Unknown Source)
at org.openqa.selenium.support.events.EventFiringWebDriver.lambda$new$1(EventFiringWebDriver.java:109)
at jdk.proxy2/jdk.proxy2.$Proxy9.getScreenshotAs(Unknown Source)
at org.openqa.selenium.support.events.EventFiringWebDriver.getScreenshotAs(EventFiringWebDriver.java:301)
at com.xyz.qa.util.TestUtil.takeScreenshotAtEndOfTest(TestUtil.java:63)
at com.xyz.qa.util.WebEventListener.onException(WebEventListener.java:68)
at org.openqa.selenium.support.events.EventFiringWebDriver.lambda$new$0(EventFiringWebDriver.java:85)
at jdk.proxy2/jdk.proxy2.$Proxy8.onException(Unknown Source)
at org.openqa.selenium.support.events.EventFiringWebDriver.lambda$new$1(EventFiringWebDriver.java:109)
at jdk.proxy2/jdk.proxy2.$Proxy9.getScreenshotAs(Unknown Source)
at org.openqa.selenium.support.events.EventFiringWebDriver.getScreenshotAs(EventFiringWebDriver.java:301)
at com.xyz.qa.util.TestUtil.takeScreenshotAtEndOfTest(TestUtil.java:63)
at com.xyz.qa.util.WebEventListener.onException(WebEventListener.java:68)
at org.openqa.selenium.support.events.EventFiringWebDriver.lambda$new$0(EventFiringWebDriver.java:85)
at jdk.proxy2/jdk.proxy2.$Proxy8.onException(Unknown Source)
at org.openqa.selenium.support.events.EventFiringWebDriver.lambda$new$1(EventFiringWebDriver.java:109)
at jdk.proxy2/jdk.proxy2.$Proxy9.getScreenshotAs(Unknown Source)
at org.openqa.selenium.support.events.EventFiringWebDriver.getScreenshotAs(EventFiringWebDriver.java:301)
at com.xyz.qa.util.TestUtil.takeScreenshotAtEndOfTest(TestUtil.java:63)
at com.xyz.qa.util.WebEventListener.onException(WebEventListener.java:68)
at org.openqa.selenium.support.events.EventFiringWebDriver.lambda$new$0(EventFiringWebDriver.java:85)
at jdk.proxy2/jdk.proxy2.$Proxy8.onException(Unknown Source)
at org.openqa.selenium.support.events.EventFiringWebDriver.lambda$new$1(EventFiringWebDriver.java:109)
at jdk.proxy2/jdk.proxy2.$Proxy9.getScreenshotAs(Unknown Source)
at org.openqa.selenium.support.events.EventFiringWebDriver.getScreenshotAs(EventFiringWebDriver.java:301)
at com.xyz.qa.util.TestUtil.takeScreenshotAtEndOfTest(TestUtil.java:63)
at com.xyz.qa.util.WebEventListener.onException(WebEventListener.java:68)
at org.openqa.selenium.support.events.EventFiringWebDriver.lambda$new$0(EventFiringWebDriver.java:85)
at jdk.proxy2/jdk.proxy2.$Proxy8.onException(Unknown Source)
at org.openqa.selenium.support.events.EventFiringWebDriver.lambda$new$1(EventFiringWebDriver.java:109)
at jdk.proxy2/jdk.proxy2.$Proxy9.getScreenshotAs(Unknown Source)
at org.openqa.selenium.support.events.EventFiringWebDriver.getScreenshotAs(EventFiringWebDriver.java:301)
at com.xyz.qa.util.TestUtil.takeScreenshotAtEndOfTest(TestUtil.java:63)
at com.xyz.qa.util.WebEventListener.onException(WebEventListener.java:68)
at org.openqa.selenium.support.events.EventFiringWebDriver.lambda$new$0(EventFiringWebDriver.java:85)
at jdk.proxy2/jdk.proxy2.$Proxy8.onException(Unknown Source)
at org.openqa.selenium.support.events.EventFiringWebDriver.lambda$new$1(EventFiringWebDriver.java:109)
at jdk.proxy2/jdk.proxy2.$Proxy9.getScreenshotAs(Unknown Source)
at org.openqa.selenium.support.events.EventFiringWebDriver.getScreenshotAs(EventFiringWebDriver.java:301)
at com.xyz.qa.util.TestUtil.takeScreenshotAtEndOfTest(TestUtil.java:63)
at com.xyz.qa.util.WebEventListener.onException(WebEventListener.java:68)
at org.openqa.selenium.support.events.EventFiringWebDriver.lambda$new$0(EventFiringWebDriver.java:85)
at jdk.proxy2/jdk.proxy2.$Proxy8.onException(Unknown Source)
at org.openqa.selenium.support.events.EventFiringWebDriver.lambda$new$1(EventFiringWebDriver.java:109)
at jdk.proxy2/jdk.proxy2.$Proxy9.getScreenshotAs(Unknown Source)
at org.openqa.selenium.support.events.EventFiringWebDriver.getScreenshotAs(EventFiringWebDriver.java:301)
at com.xyz.qa.util.TestUtil.takeScreenshotAtEndOfTest(TestUtil.java:63)
at com.xyz.qa.util.WebEventListener.onException(WebEventListener.java:68)
at org.openqa.selenium.support.events.EventFiringWebDriver.lambda$new$0(EventFiringWebDriver.java:85)
at jdk.proxy2/jdk.proxy2.$Proxy8.onException(Unknown Source)
at org.openqa.selenium.support.events.EventFiringWebDriver.lambda$new$1(EventFiringWebDriver.java:109)
at jdk.proxy2/jdk.proxy2.$Proxy9.getScreenshotAs(Unknown Source)
at org.openqa.selenium.support.events.EventFiringWebDriver.getScreenshotAs(EventFiringWebDriver.java:301)
at com.xyz.qa.util.TestUtil.takeScreenshotAtEndOfTest(TestUtil.java:63)
at com.xyz.qa.util.WebEventListener.onException(WebEventListener.java:68)
at org.openqa.selenium.support.events.EventFiringWebDriver.lambda$new$0(EventFiringWebDriver.java:85)
at jdk.proxy2/jdk.proxy2.$Proxy8.onException(Unknown Source)
at org.openqa.selenium.support.events.EventFiringWebDriver.lambda$new$1(EventFiringWebDriver.java:109)
at jdk.proxy2/jdk.proxy2.$Proxy9.getScreenshotAs(Unknown Source)
at org.openqa.selenium.support.events.EventFiringWebDriver.getScreenshotAs(EventFiringWebDriver.java:301)
at com.xyz.qa.util.TestUtil.takeScreenshotAtEndOfTest(TestUtil.java:63)
at com.xyz.qa.util.WebEventListener.onException(WebEventListener.java:68)
... Removed 306 stack frames]]>
    </failure>
  </testcase> <!-- addcust1 -->
  <testcase classname="com.xyz.qa.testcases.AddCustomerTest" name="addcustomerinvalid" time="0.0">
    <skipped/>
  </testcase> <!-- addcustomerinvalid -->
</testsuite> <!-- test3 -->
